TpTrace Verbose: 0 : 10772, 1, 2022/09/27, 21:42:43.551, 18774429969, vstest.console.dll, Version: 17.3.0 Current process architecture: X64
TpTrace Verbose: 0 : 10772, 1, 2022/09/27, 21:42:43.554, 18774455930, vstest.console.dll, Runtime location: C:\Program Files\dotnet\shared\Microsoft.NETCore.App\6.0.9
TpTrace Information: 0 : 10772, 1, 2022/09/27, 21:42:43.565, 18774567014, vstest.console.dll, FilePatternParser: The given file C:\Users\Usuario\source\repos\repo_token\token.generator\testtokengenerator\bin\Debug\net6.0\fine-code-coverage\build-output\testtokengenerator.dll is a full path.
TpTrace Verbose: 0 : 10772, 1, 2022/09/27, 21:42:43.582, 18774742028, vstest.console.dll, TestPluginCache.DiscoverTestExtensions: finding test extensions in assemblies ends with: RuntimeProvider.dll TPluginInfo: Microsoft.VisualStudio.TestPlatform.Common.ExtensionFramework.Utilities.TestRuntimePluginInformation TExtension: Microsoft.VisualStudio.TestPlatform.ObjectModel.Host.ITestRuntimeProvider
TpTrace Verbose: 0 : 10772, 1, 2022/09/27, 21:42:43.583, 18774750449, vstest.console.dll, TestPluginCache.GetExtensionPaths: Filtered extension paths: 
TpTrace Verbose: 0 : 10772, 1, 2022/09/27, 21:42:43.583, 18774752331, vstest.console.dll, TestPluginCache.GetExtensionPaths: Added default extension paths: C:\Program Files\dotnet\sdk\6.0.401\Extensions\Microsoft.Diagnostics.NETCore.Client.dll
C:\Program Files\dotnet\sdk\6.0.401\Extensions\Microsoft.TestPlatform.Extensions.BlameDataCollector.dll
C:\Program Files\dotnet\sdk\6.0.401\Extensions\Microsoft.TestPlatform.Extensions.EventLogCollector.dll
C:\Program Files\dotnet\sdk\6.0.401\Extensions\Microsoft.TestPlatform.TestHostRuntimeProvider.dll
C:\Program Files\dotnet\sdk\6.0.401\Extensions\Microsoft.VisualStudio.TestPlatform.Extensions.Html.TestLogger.dll
C:\Program Files\dotnet\sdk\6.0.401\Extensions\Microsoft.VisualStudio.TestPlatform.Extensions.Trx.TestLogger.dll
TpTrace Verbose: 0 : 10772, 1, 2022/09/27, 21:42:43.583, 18774753239, vstest.console.dll, TestPluginCache.GetExtensionPaths: Added unfilterableExtensionPaths: 
TpTrace Information: 0 : 10772, 1, 2022/09/27, 21:42:43.585, 18774766441, vstest.console.dll, AssemblyResolver.ctor: Creating AssemblyResolver with searchDirectories C:\Program Files\dotnet\sdk\6.0.401\Extensions,C:\Program Files\dotnet\sdk\6.0.401
TpTrace Verbose: 0 : 10772, 1, 2022/09/27, 21:42:43.586, 18774779389, vstest.console.dll, TestPluginCache.DiscoverTestExtensions: Discovering the extensions using extension path.
TpTrace Verbose: 0 : 10772, 1, 2022/09/27, 21:42:43.586, 18774781503, vstest.console.dll, TestPluginCache.GetExtensionPaths: Filtered extension paths: 
TpTrace Verbose: 0 : 10772, 1, 2022/09/27, 21:42:43.586, 18774782549, vstest.console.dll, TestPluginCache.GetExtensionPaths: Added default extension paths: C:\Program Files\dotnet\sdk\6.0.401\Extensions\Microsoft.Diagnostics.NETCore.Client.dll
C:\Program Files\dotnet\sdk\6.0.401\Extensions\Microsoft.TestPlatform.Extensions.BlameDataCollector.dll
C:\Program Files\dotnet\sdk\6.0.401\Extensions\Microsoft.TestPlatform.Extensions.EventLogCollector.dll
C:\Program Files\dotnet\sdk\6.0.401\Extensions\Microsoft.TestPlatform.TestHostRuntimeProvider.dll
C:\Program Files\dotnet\sdk\6.0.401\Extensions\Microsoft.VisualStudio.TestPlatform.Extensions.Html.TestLogger.dll
C:\Program Files\dotnet\sdk\6.0.401\Extensions\Microsoft.VisualStudio.TestPlatform.Extensions.Trx.TestLogger.dll
TpTrace Verbose: 0 : 10772, 1, 2022/09/27, 21:42:43.586, 18774783398, vstest.console.dll, TestPluginCache.GetExtensionPaths: Added unfilterableExtensionPaths: 
TpTrace Verbose: 0 : 10772, 1, 2022/09/27, 21:42:43.586, 18774784592, vstest.console.dll, TestPluginCache.DiscoverTestExtensions: Discovering the extensions using allExtensionPaths: C:\Program Files\dotnet\sdk\6.0.401\Extensions\Microsoft.Diagnostics.NETCore.Client.dll
C:\Program Files\dotnet\sdk\6.0.401\Extensions\Microsoft.TestPlatform.Extensions.BlameDataCollector.dll
C:\Program Files\dotnet\sdk\6.0.401\Extensions\Microsoft.TestPlatform.Extensions.EventLogCollector.dll
C:\Program Files\dotnet\sdk\6.0.401\Extensions\Microsoft.TestPlatform.TestHostRuntimeProvider.dll
C:\Program Files\dotnet\sdk\6.0.401\Extensions\Microsoft.VisualStudio.TestPlatform.Extensions.Html.TestLogger.dll
C:\Program Files\dotnet\sdk\6.0.401\Extensions\Microsoft.VisualStudio.TestPlatform.Extensions.Trx.TestLogger.dll
TpTrace Information: 0 : 10772, 1, 2022/09/27, 21:42:43.587, 18774788204, vstest.console.dll, AssemblyResolver.AddSearchDirectories: Adding more searchDirectories C:\Program Files\dotnet\sdk\6.0.401\Extensions,C:\Program Files\dotnet\sdk\6.0.401
TpTrace Information: 0 : 10772, 1, 2022/09/27, 21:42:43.587, 18774789085, vstest.console.dll, AssemblyResolver.AddSearchDirectories: Adding more searchDirectories C:\Program Files\dotnet\sdk\6.0.401\Extensions,C:\Program Files\dotnet\sdk\6.0.401
TpTrace Information: 0 : 10772, 1, 2022/09/27, 21:42:43.587, 18774789591, vstest.console.dll, AssemblyResolver.AddSearchDirectories: Adding more searchDirectories C:\Program Files\dotnet\sdk\6.0.401\Extensions,C:\Program Files\dotnet\sdk\6.0.401
TpTrace Information: 0 : 10772, 1, 2022/09/27, 21:42:43.587, 18774790098, vstest.console.dll, AssemblyResolver.AddSearchDirectories: Adding more searchDirectories C:\Program Files\dotnet\sdk\6.0.401\Extensions,C:\Program Files\dotnet\sdk\6.0.401
TpTrace Information: 0 : 10772, 1, 2022/09/27, 21:42:43.587, 18774790493, vstest.console.dll, AssemblyResolver.AddSearchDirectories: Adding more searchDirectories C:\Program Files\dotnet\sdk\6.0.401\Extensions,C:\Program Files\dotnet\sdk\6.0.401
TpTrace Information: 0 : 10772, 1, 2022/09/27, 21:42:43.587, 18774790975, vstest.console.dll, AssemblyResolver.AddSearchDirectories: Adding more searchDirectories C:\Program Files\dotnet\sdk\6.0.401\Extensions,C:\Program Files\dotnet\sdk\6.0.401
TpTrace Information: 0 : 10772, 1, 2022/09/27, 21:42:43.588, 18774796073, vstest.console.dll, AssemblyResolver.OnResolve: Microsoft.Diagnostics.NETCore.Client: Resolving assembly.
TpTrace Information: 0 : 10772, 1, 2022/09/27, 21:42:43.588, 18774800040, vstest.console.dll, AssemblyResolver.OnResolve: Microsoft.Diagnostics.NETCore.Client: Searching in: 'C:\Program Files\dotnet\sdk\6.0.401\Extensions'.
TpTrace Information: 0 : 10772, 1, 2022/09/27, 21:42:43.593, 18774851128, vstest.console.dll, AssemblyResolver.OnResolve: Microsoft.Diagnostics.NETCore.Client: Loading assembly 'C:\Program Files\dotnet\sdk\6.0.401\Extensions\Microsoft.Diagnostics.NETCore.Client.dll'.
TpTrace Information: 0 : 10772, 1, 2022/09/27, 21:42:43.595, 18774874895, vstest.console.dll, AssemblyResolver.OnResolve: Resolved assembly: Microsoft.Diagnostics.NETCore.Client, from path: C:\Program Files\dotnet\sdk\6.0.401\Extensions\Microsoft.Diagnostics.NETCore.Client.dll
TpTrace Verbose: 0 : 10772, 1, 2022/09/27, 21:42:43.602, 18774937434, vstest.console.dll, MetadataReaderExtensionsHelper: Discovering extensions inside assembly 'Microsoft.Diagnostics.NETCore.Client, Version=0.2.5.801, Culture=neutral, PublicKeyToken=31bf3856ad364e35' file path 'C:\Program Files\dotnet\sdk\6.0.401\Extensions\Microsoft.Diagnostics.NETCore.Client.dll'
TpTrace Information: 0 : 10772, 1, 2022/09/27, 21:42:43.623, 18775153028, vstest.console.dll, AssemblyResolver.OnResolve: Microsoft.Bcl.AsyncInterfaces: Resolving assembly.
TpTrace Information: 0 : 10772, 1, 2022/09/27, 21:42:43.623, 18775154516, vstest.console.dll, AssemblyResolver.OnResolve: Microsoft.Bcl.AsyncInterfaces: Searching in: 'C:\Program Files\dotnet\sdk\6.0.401\Extensions'.
TpTrace Information: 0 : 10772, 1, 2022/09/27, 21:42:43.624, 18775155789, vstest.console.dll, AssemblyResolver.OnResolve: Microsoft.Bcl.AsyncInterfaces: Assembly path does not exist: 'C:\Program Files\dotnet\sdk\6.0.401\Extensions\Microsoft.Bcl.AsyncInterfaces.dll', returning.
TpTrace Information: 0 : 10772, 1, 2022/09/27, 21:42:43.624, 18775156627, vstest.console.dll, AssemblyResolver.OnResolve: Microsoft.Bcl.AsyncInterfaces: Assembly path does not exist: 'C:\Program Files\dotnet\sdk\6.0.401\Extensions\Microsoft.Bcl.AsyncInterfaces.exe', returning.
TpTrace Information: 0 : 10772, 1, 2022/09/27, 21:42:43.624, 18775157011, vstest.console.dll, AssemblyResolver.OnResolve: Microsoft.Bcl.AsyncInterfaces: Searching in: 'C:\Program Files\dotnet\sdk\6.0.401'.
TpTrace Information: 0 : 10772, 1, 2022/09/27, 21:42:43.624, 18775158337, vstest.console.dll, AssemblyResolver.OnResolve: Microsoft.Bcl.AsyncInterfaces: Assembly path does not exist: 'C:\Program Files\dotnet\sdk\6.0.401\Microsoft.Bcl.AsyncInterfaces.dll', returning.
TpTrace Information: 0 : 10772, 1, 2022/09/27, 21:42:43.624, 18775159250, vstest.console.dll, AssemblyResolver.OnResolve: Microsoft.Bcl.AsyncInterfaces: Assembly path does not exist: 'C:\Program Files\dotnet\sdk\6.0.401\Microsoft.Bcl.AsyncInterfaces.exe', returning.
TpTrace Information: 0 : 10772, 1, 2022/09/27, 21:42:43.624, 18775159631, vstest.console.dll, AssemblyResolver.OnResolve: Microsoft.Bcl.AsyncInterfaces: Failed to load assembly.
TpTrace Verbose: 0 : 10772, 1, 2022/09/27, 21:42:43.624, 18775160118, vstest.console.dll, CurrentDomainAssemblyResolve: Resolving assembly 'Microsoft.Bcl.AsyncInterfaces'.
TpTrace Information: 0 : 10772, 1, 2022/09/27, 21:42:43.624, 18775160940, vstest.console.dll, AssemblyResolver.OnResolve: Microsoft.Bcl.AsyncInterfaces: Resolving assembly.
TpTrace Information: 0 : 10772, 1, 2022/09/27, 21:42:43.624, 18775161429, vstest.console.dll, AssemblyResolver.OnResolve: Microsoft.Bcl.AsyncInterfaces: Resolved from cache.
TpTrace Verbose: 0 : 10772, 1, 2022/09/27, 21:42:43.624, 18775162350, vstest.console.dll, CurrentDomainAssemblyResolve: Resolving assembly 'Microsoft.Bcl.AsyncInterfaces'.
TpTrace Verbose: 0 : 10772, 1, 2022/09/27, 21:42:43.624, 18775164006, vstest.console.dll, CurrentDomainAssemblyResolve: Failed to resolve assembly 'Microsoft.Bcl.AsyncInterfaces'.
TpTrace Verbose: 0 : 10772, 1, 2022/09/27, 21:42:43.638, 18775304802, vstest.console.dll, CurrentDomainAssemblyResolve: Failed to resolve assembly 'Microsoft.Bcl.AsyncInterfaces'.
TpTrace Warning: 0 : 10772, 1, 2022/09/27, 21:42:43.699, 18775909206, vstest.console.dll, TestPluginDiscoverer: Failed to get types from assembly 'Microsoft.Diagnostics.NETCore.Client, Version=0.2.5.801, Culture=neutral, PublicKeyToken=31bf3856ad364e35'. Error: System.Reflection.ReflectionTypeLoadException: Unable to load one or more of the requested types.
Could not load file or assembly 'Microsoft.Bcl.AsyncInterfaces, Version=1.0.0.0, Culture=neutral, PublicKeyToken=cc7b13ffcd2ddd51'. O sistema não pode encontrar o arquivo especificado.
   at System.Reflection.RuntimeModule.GetTypes(RuntimeModule module)
   at System.Reflection.Assembly.GetTypes()
   at Microsoft.VisualStudio.TestPlatform.Common.ExtensionFramework.TestPluginDiscoverer.GetTestExtensionsFromAssembly[TPluginInfo,TExtension](Assembly assembly, Dictionary`2 pluginInfos, String filePath)
System.IO.FileNotFoundException: Could not load file or assembly 'Microsoft.Bcl.AsyncInterfaces, Version=1.0.0.0, Culture=neutral, PublicKeyToken=cc7b13ffcd2ddd51'. O sistema não pode encontrar o arquivo especificado.
File name: 'Microsoft.Bcl.AsyncInterfaces, Version=1.0.0.0, Culture=neutral, PublicKeyToken=cc7b13ffcd2ddd51'
 ---> System.IO.FileNotFoundException: Could not load file or assembly 'Microsoft.Bcl.AsyncInterfaces, Culture=neutral, PublicKeyToken=null'. O sistema não pode encontrar o arquivo especificado.
File name: 'Microsoft.Bcl.AsyncInterfaces, Culture=neutral, PublicKeyToken=null'
   at System.Reflection.RuntimeAssembly.InternalLoad(ObjectHandleOnStack assemblyName, ObjectHandleOnStack requestingAssembly, StackCrawlMarkHandle stackMark, Boolean throwOnFileNotFound, ObjectHandleOnStack assemblyLoadContext, ObjectHandleOnStack retAssembly)
   at System.Reflection.RuntimeAssembly.InternalLoad(AssemblyName assemblyName, RuntimeAssembly requestingAssembly, StackCrawlMark& stackMark, Boolean throwOnFileNotFound, AssemblyLoadContext assemblyLoadContext)
   at System.Reflection.Assembly.Load(AssemblyName assemblyRef)
   at Microsoft.VisualStudio.TestPlatform.Common.ExtensionFramework.TestPluginCache.CurrentDomainAssemblyResolve(Object sender, AssemblyResolveEventArgs args)
   at Microsoft.VisualStudio.TestPlatform.PlatformAbstractions.PlatformAssemblyResolver.AssemblyResolverEvent(Object sender, Object eventArgs)
   at System.Runtime.Loader.AssemblyLoadContext.GetFirstResolvedAssemblyFromResolvingEvent(AssemblyName assemblyName)
   at System.Runtime.Loader.AssemblyLoadContext.ResolveUsingEvent(AssemblyName assemblyName)
   at System.Runtime.Loader.AssemblyLoadContext.ResolveUsingResolvingEvent(IntPtr gchManagedAssemblyLoadContext, AssemblyName assemblyName)
TpTrace Warning: 0 : 10772, 1, 2022/09/27, 21:42:43.700, 18775921759, vstest.console.dll, LoaderExceptions: System.IO.FileNotFoundException: Could not load file or assembly 'Microsoft.Bcl.AsyncInterfaces, Version=1.0.0.0, Culture=neutral, PublicKeyToken=cc7b13ffcd2ddd51'. O sistema não pode encontrar o arquivo especificado.
File name: 'Microsoft.Bcl.AsyncInterfaces, Version=1.0.0.0, Culture=neutral, PublicKeyToken=cc7b13ffcd2ddd51'
 ---> System.IO.FileNotFoundException: Could not load file or assembly 'Microsoft.Bcl.AsyncInterfaces, Culture=neutral, PublicKeyToken=null'. O sistema não pode encontrar o arquivo especificado.
File name: 'Microsoft.Bcl.AsyncInterfaces, Culture=neutral, PublicKeyToken=null'
   at System.Reflection.RuntimeAssembly.InternalLoad(ObjectHandleOnStack assemblyName, ObjectHandleOnStack requestingAssembly, StackCrawlMarkHandle stackMark, Boolean throwOnFileNotFound, ObjectHandleOnStack assemblyLoadContext, ObjectHandleOnStack retAssembly)
   at System.Reflection.RuntimeAssembly.InternalLoad(AssemblyName assemblyName, RuntimeAssembly requestingAssembly, StackCrawlMark& stackMark, Boolean throwOnFileNotFound, AssemblyLoadContext assemblyLoadContext)
   at System.Reflection.Assembly.Load(AssemblyName assemblyRef)
   at Microsoft.VisualStudio.TestPlatform.Common.ExtensionFramework.TestPluginCache.CurrentDomainAssemblyResolve(Object sender, AssemblyResolveEventArgs args)
   at Microsoft.VisualStudio.TestPlatform.PlatformAbstractions.PlatformAssemblyResolver.AssemblyResolverEvent(Object sender, Object eventArgs)
   at System.Runtime.Loader.AssemblyLoadContext.GetFirstResolvedAssemblyFromResolvingEvent(AssemblyName assemblyName)
   at System.Runtime.Loader.AssemblyLoadContext.ResolveUsingEvent(AssemblyName assemblyName)
   at System.Runtime.Loader.AssemblyLoadContext.ResolveUsingResolvingEvent(IntPtr gchManagedAssemblyLoadContext, AssemblyName assemblyName)
TpTrace Information: 0 : 10772, 1, 2022/09/27, 21:42:43.700, 18775924543, vstest.console.dll, AssemblyResolver.OnResolve: Microsoft.TestPlatform.Extensions.BlameDataCollector: Resolving assembly.
TpTrace Information: 0 : 10772, 1, 2022/09/27, 21:42:43.701, 18775925400, vstest.console.dll, AssemblyResolver.OnResolve: Microsoft.TestPlatform.Extensions.BlameDataCollector: Searching in: 'C:\Program Files\dotnet\sdk\6.0.401\Extensions'.
TpTrace Information: 0 : 10772, 1, 2022/09/27, 21:42:43.704, 18775957621, vstest.console.dll, AssemblyResolver.OnResolve: Microsoft.TestPlatform.Extensions.BlameDataCollector: Loading assembly 'C:\Program Files\dotnet\sdk\6.0.401\Extensions\Microsoft.TestPlatform.Extensions.BlameDataCollector.dll'.
TpTrace Information: 0 : 10772, 1, 2022/09/27, 21:42:43.705, 18775969637, vstest.console.dll, AssemblyResolver.OnResolve: Resolved assembly: Microsoft.TestPlatform.Extensions.BlameDataCollector, from path: C:\Program Files\dotnet\sdk\6.0.401\Extensions\Microsoft.TestPlatform.Extensions.BlameDataCollector.dll
TpTrace Verbose: 0 : 10772, 1, 2022/09/27, 21:42:43.705, 18775971003, vstest.console.dll, MetadataReaderExtensionsHelper: Discovering extensions inside assembly 'Microsoft.TestPlatform.Extensions.BlameDataCollector, Version=15.0.0.0, Culture=neutral, PublicKeyToken=b03f5f7f11d50a3a' file path 'C:\Program Files\dotnet\sdk\6.0.401\Extensions\Microsoft.TestPlatform.Extensions.BlameDataCollector.dll'
TpTrace Information: 0 : 10772, 1, 2022/09/27, 21:42:43.708, 18776003561, vstest.console.dll, AssemblyResolver.OnResolve: Microsoft.TestPlatform.Extensions.EventLogCollector: Resolving assembly.
TpTrace Information: 0 : 10772, 1, 2022/09/27, 21:42:43.709, 18776005426, vstest.console.dll, AssemblyResolver.OnResolve: Microsoft.TestPlatform.Extensions.EventLogCollector: Searching in: 'C:\Program Files\dotnet\sdk\6.0.401\Extensions'.
TpTrace Information: 0 : 10772, 1, 2022/09/27, 21:42:43.711, 18776025482, vstest.console.dll, AssemblyResolver.OnResolve: Microsoft.TestPlatform.Extensions.EventLogCollector: Loading assembly 'C:\Program Files\dotnet\sdk\6.0.401\Extensions\Microsoft.TestPlatform.Extensions.EventLogCollector.dll'.
TpTrace Information: 0 : 10772, 1, 2022/09/27, 21:42:43.712, 18776035599, vstest.console.dll, AssemblyResolver.OnResolve: Resolved assembly: Microsoft.TestPlatform.Extensions.EventLogCollector, from path: C:\Program Files\dotnet\sdk\6.0.401\Extensions\Microsoft.TestPlatform.Extensions.EventLogCollector.dll
TpTrace Verbose: 0 : 10772, 1, 2022/09/27, 21:42:43.712, 18776036818, vstest.console.dll, MetadataReaderExtensionsHelper: Discovering extensions inside assembly 'Microsoft.TestPlatform.Extensions.EventLogCollector, Version=15.0.0.0, Culture=neutral, PublicKeyToken=b03f5f7f11d50a3a' file path 'C:\Program Files\dotnet\sdk\6.0.401\Extensions\Microsoft.TestPlatform.Extensions.EventLogCollector.dll'
TpTrace Information: 0 : 10772, 1, 2022/09/27, 21:42:43.717, 18776089080, vstest.console.dll, AssemblyResolver.OnResolve: Microsoft.TestPlatform.TestHostRuntimeProvider: Resolving assembly.
TpTrace Information: 0 : 10772, 1, 2022/09/27, 21:42:43.717, 18776090234, vstest.console.dll, AssemblyResolver.OnResolve: Microsoft.TestPlatform.TestHostRuntimeProvider: Searching in: 'C:\Program Files\dotnet\sdk\6.0.401\Extensions'.
TpTrace Information: 0 : 10772, 1, 2022/09/27, 21:42:43.719, 18776113819, vstest.console.dll, AssemblyResolver.OnResolve: Microsoft.TestPlatform.TestHostRuntimeProvider: Loading assembly 'C:\Program Files\dotnet\sdk\6.0.401\Extensions\Microsoft.TestPlatform.TestHostRuntimeProvider.dll'.
TpTrace Information: 0 : 10772, 1, 2022/09/27, 21:42:43.722, 18776139825, vstest.console.dll, AssemblyResolver.OnResolve: Resolved assembly: Microsoft.TestPlatform.TestHostRuntimeProvider, from path: C:\Program Files\dotnet\sdk\6.0.401\Extensions\Microsoft.TestPlatform.TestHostRuntimeProvider.dll
TpTrace Verbose: 0 : 10772, 1, 2022/09/27, 21:42:43.722, 18776141602, vstest.console.dll, MetadataReaderExtensionsHelper: Discovering extensions inside assembly 'Microsoft.TestPlatform.TestHostRuntimeProvider, Version=15.0.0.0, Culture=neutral, PublicKeyToken=b03f5f7f11d50a3a' file path 'C:\Program Files\dotnet\sdk\6.0.401\Extensions\Microsoft.TestPlatform.TestHostRuntimeProvider.dll'
TpTrace Information: 0 : 10772, 1, 2022/09/27, 21:42:43.726, 18776175440, vstest.console.dll, GetTestExtensionFromType: Register extension with identifier data 'HostProvider://DefaultTestHost' and type 'Microsoft.VisualStudio.TestPlatform.CrossPlatEngine.Hosting.DefaultTestHostManager, Microsoft.TestPlatform.TestHostRuntimeProvider, Version=15.0.0.0, Culture=neutral, PublicKeyToken=b03f5f7f11d50a3a' inside file 'C:\Program Files\dotnet\sdk\6.0.401\Extensions\Microsoft.TestPlatform.TestHostRuntimeProvider.dll'
TpTrace Information: 0 : 10772, 1, 2022/09/27, 21:42:43.726, 18776176842, vstest.console.dll, GetTestExtensionFromType: Register extension with identifier data 'HostProvider://DotnetTestHost' and type 'Microsoft.VisualStudio.TestPlatform.CrossPlatEngine.Hosting.DotnetTestHostManager, Microsoft.TestPlatform.TestHostRuntimeProvider, Version=15.0.0.0, Culture=neutral, PublicKeyToken=b03f5f7f11d50a3a' inside file 'C:\Program Files\dotnet\sdk\6.0.401\Extensions\Microsoft.TestPlatform.TestHostRuntimeProvider.dll'
TpTrace Information: 0 : 10772, 1, 2022/09/27, 21:42:43.726, 18776177776, vstest.console.dll, AssemblyResolver.OnResolve: Microsoft.VisualStudio.TestPlatform.Extensions.Html.TestLogger: Resolving assembly.
TpTrace Information: 0 : 10772, 1, 2022/09/27, 21:42:43.726, 18776178217, vstest.console.dll, AssemblyResolver.OnResolve: Microsoft.VisualStudio.TestPlatform.Extensions.Html.TestLogger: Searching in: 'C:\Program Files\dotnet\sdk\6.0.401\Extensions'.
TpTrace Information: 0 : 10772, 1, 2022/09/27, 21:42:43.728, 18776204423, vstest.console.dll, AssemblyResolver.OnResolve: Microsoft.VisualStudio.TestPlatform.Extensions.Html.TestLogger: Loading assembly 'C:\Program Files\dotnet\sdk\6.0.401\Extensions\Microsoft.VisualStudio.TestPlatform.Extensions.Html.TestLogger.dll'.
TpTrace Information: 0 : 10772, 1, 2022/09/27, 21:42:43.730, 18776216017, vstest.console.dll, AssemblyResolver.OnResolve: Resolved assembly: Microsoft.VisualStudio.TestPlatform.Extensions.Html.TestLogger, from path: C:\Program Files\dotnet\sdk\6.0.401\Extensions\Microsoft.VisualStudio.TestPlatform.Extensions.Html.TestLogger.dll
TpTrace Verbose: 0 : 10772, 1, 2022/09/27, 21:42:43.730, 18776217906, vstest.console.dll, MetadataReaderExtensionsHelper: Discovering extensions inside assembly 'Microsoft.VisualStudio.TestPlatform.Extensions.Html.TestLogger, Version=15.0.0.0, Culture=neutral, PublicKeyToken=b03f5f7f11d50a3a' file path 'C:\Program Files\dotnet\sdk\6.0.401\Extensions\Microsoft.VisualStudio.TestPlatform.Extensions.Html.TestLogger.dll'
TpTrace Information: 0 : 10772, 1, 2022/09/27, 21:42:43.731, 18776231567, vstest.console.dll, AssemblyResolver.OnResolve: Microsoft.VisualStudio.TestPlatform.Extensions.Trx.TestLogger: Resolving assembly.
TpTrace Information: 0 : 10772, 1, 2022/09/27, 21:42:43.731, 18776232591, vstest.console.dll, AssemblyResolver.OnResolve: Microsoft.VisualStudio.TestPlatform.Extensions.Trx.TestLogger: Searching in: 'C:\Program Files\dotnet\sdk\6.0.401\Extensions'.
TpTrace Information: 0 : 10772, 1, 2022/09/27, 21:42:43.734, 18776263255, vstest.console.dll, AssemblyResolver.OnResolve: Microsoft.VisualStudio.TestPlatform.Extensions.Trx.TestLogger: Loading assembly 'C:\Program Files\dotnet\sdk\6.0.401\Extensions\Microsoft.VisualStudio.TestPlatform.Extensions.Trx.TestLogger.dll'.
TpTrace Information: 0 : 10772, 1, 2022/09/27, 21:42:43.736, 18776283970, vstest.console.dll, AssemblyResolver.OnResolve: Resolved assembly: Microsoft.VisualStudio.TestPlatform.Extensions.Trx.TestLogger, from path: C:\Program Files\dotnet\sdk\6.0.401\Extensions\Microsoft.VisualStudio.TestPlatform.Extensions.Trx.TestLogger.dll
TpTrace Verbose: 0 : 10772, 1, 2022/09/27, 21:42:43.737, 18776285797, vstest.console.dll, MetadataReaderExtensionsHelper: Discovering extensions inside assembly 'Microsoft.VisualStudio.TestPlatform.Extensions.Trx.TestLogger, Version=15.0.0.0, Culture=neutral, PublicKeyToken=b03f5f7f11d50a3a' file path 'C:\Program Files\dotnet\sdk\6.0.401\Extensions\Microsoft.VisualStudio.TestPlatform.Extensions.Trx.TestLogger.dll'
TpTrace Verbose: 0 : 10772, 1, 2022/09/27, 21:42:43.739, 18776313160, vstest.console.dll, TestPluginCache: Discovered the extensions using extension path ''.
TpTrace Verbose: 0 : 10772, 1, 2022/09/27, 21:42:43.739, 18776314328, vstest.console.dll, TestPluginCache: Discoverers are ''.
TpTrace Verbose: 0 : 10772, 1, 2022/09/27, 21:42:43.739, 18776314776, vstest.console.dll, TestPluginCache: Executors are ''.
TpTrace Verbose: 0 : 10772, 1, 2022/09/27, 21:42:43.740, 18776315206, vstest.console.dll, TestPluginCache: Executors2 are ''.
TpTrace Verbose: 0 : 10772, 1, 2022/09/27, 21:42:43.740, 18776315550, vstest.console.dll, TestPluginCache: Setting providers are ''.
TpTrace Verbose: 0 : 10772, 1, 2022/09/27, 21:42:43.740, 18776315859, vstest.console.dll, TestPluginCache: Loggers are ''.
TpTrace Verbose: 0 : 10772, 1, 2022/09/27, 21:42:43.740, 18776318039, vstest.console.dll, TestPluginCache: TestHosts are 'HostProvider://DefaultTestHost,HostProvider://DotnetTestHost'.
TpTrace Verbose: 0 : 10772, 1, 2022/09/27, 21:42:43.740, 18776318767, vstest.console.dll, TestPluginCache: DataCollectors are ''.
TpTrace Information: 0 : 10772, 1, 2022/09/27, 21:42:43.782, 18776736749, vstest.console.dll, RunTestsArgumentProcessor:Execute: Test run is starting.
TpTrace Verbose: 0 : 10772, 1, 2022/09/27, 21:42:43.782, 18776738040, vstest.console.dll, RunTestsArgumentProcessor:Execute: Queuing Test run.
TpTrace Information: 0 : 10772, 1, 2022/09/27, 21:42:43.783, 18776746029, vstest.console.dll, TestRequestManager.RunTests: run tests started.
TpTrace Information: 0 : 10772, 1, 2022/09/27, 21:42:43.785, 18776765907, vstest.console.dll, AssemblyMetadataProvider.GetFrameworkName: Determined framework:'.NETCoreApp,Version=v6.0' for source: 'C:\Users\Usuario\source\repos\repo_token\token.generator\testtokengenerator\bin\Debug\net6.0\fine-code-coverage\build-output\testtokengenerator.dll'
TpTrace Information: 0 : 10772, 1, 2022/09/27, 21:42:43.785, 18776768180, vstest.console.dll, Determined framework for all sources: .NETCoreApp,Version=v6.0
TpTrace Verbose: 0 : 10772, 1, 2022/09/27, 21:42:43.786, 18776776598, vstest.console.dll, TestRequestManager.UpdateRunSettingsIfRequired: Default architecture: X64 IsDefaultTargetArchitecture: True, Current process architecture: X64 OperatingSystem: Windows.
TpTrace Information: 0 : 10772, 1, 2022/09/27, 21:42:43.790, 18776818672, vstest.console.dll, AssemblyMetadataProvider.GetArchitecture: Determined architecture:AnyCPU info for assembly: C:\Users\Usuario\source\repos\repo_token\token.generator\testtokengenerator\bin\Debug\net6.0\fine-code-coverage\build-output\testtokengenerator.dll
TpTrace Information: 0 : 10772, 1, 2022/09/27, 21:42:43.790, 18776819711, vstest.console.dll, Determined platform for source 'C:\Users\Usuario\source\repos\repo_token\token.generator\testtokengenerator\bin\Debug\net6.0\fine-code-coverage\build-output\testtokengenerator.dll' was AnyCPU and it will use the default plaform X64.
TpTrace Information: 0 : 10772, 1, 2022/09/27, 21:42:43.790, 18776820242, vstest.console.dll, None of the sources provided any runnable platform, using the default platform: X64
TpTrace Information: 0 : 10772, 1, 2022/09/27, 21:42:43.790, 18776821733, vstest.console.dll, Platform was updated to 'X64'.
TpTrace Information: 0 : 10772, 1, 2022/09/27, 21:42:43.800, 18776917269, vstest.console.dll, InferRunSettingsHelper.IsTestSettingsEnabled: Unable to navigate to RunSettings/MSTest. Current node: RunSettings
TpTrace Information: 0 : 10772, 1, 2022/09/27, 21:42:43.801, 18776928276, vstest.console.dll, AssemblyResolver.OnResolve: Microsoft.VisualStudio.TestPlatform.Fakes: Resolving assembly.
TpTrace Information: 0 : 10772, 1, 2022/09/27, 21:42:43.801, 18776929620, vstest.console.dll, AssemblyResolver.OnResolve: Microsoft.VisualStudio.TestPlatform.Fakes: Searching in: 'C:\Program Files\dotnet\sdk\6.0.401\Extensions'.
TpTrace Information: 0 : 10772, 1, 2022/09/27, 21:42:43.801, 18776931209, vstest.console.dll, AssemblyResolver.OnResolve: Microsoft.VisualStudio.TestPlatform.Fakes: Assembly path does not exist: 'C:\Program Files\dotnet\sdk\6.0.401\Extensions\Microsoft.VisualStudio.TestPlatform.Fakes.dll', returning.
TpTrace Information: 0 : 10772, 1, 2022/09/27, 21:42:43.801, 18776932431, vstest.console.dll, AssemblyResolver.OnResolve: Microsoft.VisualStudio.TestPlatform.Fakes: Assembly path does not exist: 'C:\Program Files\dotnet\sdk\6.0.401\Extensions\Microsoft.VisualStudio.TestPlatform.Fakes.exe', returning.
TpTrace Information: 0 : 10772, 1, 2022/09/27, 21:42:43.801, 18776932960, vstest.console.dll, AssemblyResolver.OnResolve: Microsoft.VisualStudio.TestPlatform.Fakes: Searching in: 'C:\Program Files\dotnet\sdk\6.0.401'.
TpTrace Information: 0 : 10772, 1, 2022/09/27, 21:42:43.801, 18776934047, vstest.console.dll, AssemblyResolver.OnResolve: Microsoft.VisualStudio.TestPlatform.Fakes: Assembly path does not exist: 'C:\Program Files\dotnet\sdk\6.0.401\Microsoft.VisualStudio.TestPlatform.Fakes.dll', returning.
TpTrace Information: 0 : 10772, 1, 2022/09/27, 21:42:43.802, 18776935084, vstest.console.dll, AssemblyResolver.OnResolve: Microsoft.VisualStudio.TestPlatform.Fakes: Assembly path does not exist: 'C:\Program Files\dotnet\sdk\6.0.401\Microsoft.VisualStudio.TestPlatform.Fakes.exe', returning.
TpTrace Information: 0 : 10772, 1, 2022/09/27, 21:42:43.802, 18776935611, vstest.console.dll, AssemblyResolver.OnResolve: Microsoft.VisualStudio.TestPlatform.Fakes: Failed to load assembly.
TpTrace Information: 0 : 10772, 1, 2022/09/27, 21:42:43.802, 18776939559, vstest.console.dll, Failed to load assembly Microsoft.VisualStudio.TestPlatform.Fakes, Version=17.0.0.0, Culture=neutral. Reason:System.IO.FileNotFoundException: Could not load file or assembly 'Microsoft.VisualStudio.TestPlatform.Fakes, Version=17.0.0.0, Culture=neutral, PublicKeyToken=null'. O sistema não pode encontrar o arquivo especificado.
File name: 'Microsoft.VisualStudio.TestPlatform.Fakes, Version=17.0.0.0, Culture=neutral, PublicKeyToken=null'
   at System.Reflection.RuntimeAssembly.InternalLoad(ObjectHandleOnStack assemblyName, ObjectHandleOnStack requestingAssembly, StackCrawlMarkHandle stackMark, Boolean throwOnFileNotFound, ObjectHandleOnStack assemblyLoadContext, ObjectHandleOnStack retAssembly)
   at System.Reflection.RuntimeAssembly.InternalLoad(AssemblyName assemblyName, RuntimeAssembly requestingAssembly, StackCrawlMark& stackMark, Boolean throwOnFileNotFound, AssemblyLoadContext assemblyLoadContext)
   at System.Reflection.Assembly.Load(AssemblyName assemblyRef)
   at Microsoft.VisualStudio.TestPlatform.Common.Utilities.FakesUtilities.LoadTestPlatformAssembly()
TpTrace Verbose: 0 : 10772, 1, 2022/09/27, 21:42:43.811, 18777033568, vstest.console.dll, TestPluginCache.DiscoverTestExtensions: finding test extensions in assemblies ends with: TestLogger.dll TPluginInfo: Microsoft.VisualStudio.TestPlatform.Common.ExtensionFramework.Utilities.TestLoggerPluginInformation TExtension: Microsoft.VisualStudio.TestPlatform.ObjectModel.Client.ITestLogger
TpTrace Verbose: 0 : 10772, 1, 2022/09/27, 21:42:43.812, 18777035319, vstest.console.dll, TestPluginCache.GetExtensionPaths: Filtered extension paths: 
TpTrace Verbose: 0 : 10772, 1, 2022/09/27, 21:42:43.812, 18777035951, vstest.console.dll, TestPluginCache.GetExtensionPaths: Added default extension paths: C:\Program Files\dotnet\sdk\6.0.401\Extensions\Microsoft.Diagnostics.NETCore.Client.dll
C:\Program Files\dotnet\sdk\6.0.401\Extensions\Microsoft.TestPlatform.Extensions.BlameDataCollector.dll
C:\Program Files\dotnet\sdk\6.0.401\Extensions\Microsoft.TestPlatform.Extensions.EventLogCollector.dll
C:\Program Files\dotnet\sdk\6.0.401\Extensions\Microsoft.TestPlatform.TestHostRuntimeProvider.dll
C:\Program Files\dotnet\sdk\6.0.401\Extensions\Microsoft.VisualStudio.TestPlatform.Extensions.Html.TestLogger.dll
C:\Program Files\dotnet\sdk\6.0.401\Extensions\Microsoft.VisualStudio.TestPlatform.Extensions.Trx.TestLogger.dll
TpTrace Verbose: 0 : 10772, 1, 2022/09/27, 21:42:43.812, 18777036517, vstest.console.dll, TestPluginCache.GetExtensionPaths: Added unfilterableExtensionPaths: 
TpTrace Information: 0 : 10772, 1, 2022/09/27, 21:42:43.812, 18777038489, vstest.console.dll, AssemblyResolver.AddSearchDirectories: Adding more searchDirectories C:\Program Files\dotnet\sdk\6.0.401\Extensions,C:\Program Files\dotnet\sdk\6.0.401
TpTrace Verbose: 0 : 10772, 1, 2022/09/27, 21:42:43.812, 18777039088, vstest.console.dll, TestPluginCache.DiscoverTestExtensions: Discovering the extensions using extension path.
TpTrace Verbose: 0 : 10772, 1, 2022/09/27, 21:42:43.812, 18777039520, vstest.console.dll, TestPluginCache.GetExtensionPaths: Filtered extension paths: 
TpTrace Verbose: 0 : 10772, 1, 2022/09/27, 21:42:43.812, 18777039832, vstest.console.dll, TestPluginCache.GetExtensionPaths: Added default extension paths: C:\Program Files\dotnet\sdk\6.0.401\Extensions\Microsoft.Diagnostics.NETCore.Client.dll
C:\Program Files\dotnet\sdk\6.0.401\Extensions\Microsoft.TestPlatform.Extensions.BlameDataCollector.dll
C:\Program Files\dotnet\sdk\6.0.401\Extensions\Microsoft.TestPlatform.Extensions.EventLogCollector.dll
C:\Program Files\dotnet\sdk\6.0.401\Extensions\Microsoft.TestPlatform.TestHostRuntimeProvider.dll
C:\Program Files\dotnet\sdk\6.0.401\Extensions\Microsoft.VisualStudio.TestPlatform.Extensions.Html.TestLogger.dll
C:\Program Files\dotnet\sdk\6.0.401\Extensions\Microsoft.VisualStudio.TestPlatform.Extensions.Trx.TestLogger.dll
TpTrace Verbose: 0 : 10772, 1, 2022/09/27, 21:42:43.812, 18777040144, vstest.console.dll, TestPluginCache.GetExtensionPaths: Added unfilterableExtensionPaths: 
TpTrace Verbose: 0 : 10772, 1, 2022/09/27, 21:42:43.812, 18777040914, vstest.console.dll, TestPluginCache.DiscoverTestExtensions: Discovering the extensions using allExtensionPaths: C:\Program Files\dotnet\sdk\6.0.401\Extensions\Microsoft.Diagnostics.NETCore.Client.dll
C:\Program Files\dotnet\sdk\6.0.401\Extensions\Microsoft.TestPlatform.Extensions.BlameDataCollector.dll
C:\Program Files\dotnet\sdk\6.0.401\Extensions\Microsoft.TestPlatform.Extensions.EventLogCollector.dll
C:\Program Files\dotnet\sdk\6.0.401\Extensions\Microsoft.TestPlatform.TestHostRuntimeProvider.dll
C:\Program Files\dotnet\sdk\6.0.401\Extensions\Microsoft.VisualStudio.TestPlatform.Extensions.Html.TestLogger.dll
C:\Program Files\dotnet\sdk\6.0.401\Extensions\Microsoft.VisualStudio.TestPlatform.Extensions.Trx.TestLogger.dll
TpTrace Information: 0 : 10772, 1, 2022/09/27, 21:42:43.812, 18777041527, vstest.console.dll, AssemblyResolver.AddSearchDirectories: Adding more searchDirectories C:\Program Files\dotnet\sdk\6.0.401\Extensions,C:\Program Files\dotnet\sdk\6.0.401
TpTrace Information: 0 : 10772, 1, 2022/09/27, 21:42:43.812, 18777041882, vstest.console.dll, AssemblyResolver.AddSearchDirectories: Adding more searchDirectories C:\Program Files\dotnet\sdk\6.0.401\Extensions,C:\Program Files\dotnet\sdk\6.0.401
TpTrace Information: 0 : 10772, 1, 2022/09/27, 21:42:43.812, 18777042189, vstest.console.dll, AssemblyResolver.AddSearchDirectories: Adding more searchDirectories C:\Program Files\dotnet\sdk\6.0.401\Extensions,C:\Program Files\dotnet\sdk\6.0.401
TpTrace Information: 0 : 10772, 1, 2022/09/27, 21:42:43.812, 18777042498, vstest.console.dll, AssemblyResolver.AddSearchDirectories: Adding more searchDirectories C:\Program Files\dotnet\sdk\6.0.401\Extensions,C:\Program Files\dotnet\sdk\6.0.401
TpTrace Information: 0 : 10772, 1, 2022/09/27, 21:42:43.812, 18777042832, vstest.console.dll, AssemblyResolver.AddSearchDirectories: Adding more searchDirectories C:\Program Files\dotnet\sdk\6.0.401\Extensions,C:\Program Files\dotnet\sdk\6.0.401
TpTrace Information: 0 : 10772, 1, 2022/09/27, 21:42:43.812, 18777043133, vstest.console.dll, AssemblyResolver.AddSearchDirectories: Adding more searchDirectories C:\Program Files\dotnet\sdk\6.0.401\Extensions,C:\Program Files\dotnet\sdk\6.0.401
TpTrace Verbose: 0 : 10772, 1, 2022/09/27, 21:42:43.812, 18777044450, vstest.console.dll, MetadataReaderExtensionsHelper: Discovering extensions inside assembly 'Microsoft.Diagnostics.NETCore.Client, Version=0.2.5.801, Culture=neutral, PublicKeyToken=31bf3856ad364e35' file path 'C:\Program Files\dotnet\sdk\6.0.401\Extensions\Microsoft.Diagnostics.NETCore.Client.dll'
TpTrace Information: 0 : 10772, 1, 2022/09/27, 21:42:43.813, 18777052309, vstest.console.dll, AssemblyResolver.OnResolve: Microsoft.Bcl.AsyncInterfaces: Resolving assembly.
TpTrace Information: 0 : 10772, 1, 2022/09/27, 21:42:43.813, 18777053048, vstest.console.dll, AssemblyResolver.OnResolve: Microsoft.Bcl.AsyncInterfaces: Resolved from cache.
TpTrace Verbose: 0 : 10772, 1, 2022/09/27, 21:42:43.813, 18777053428, vstest.console.dll, CurrentDomainAssemblyResolve: Resolving assembly 'Microsoft.Bcl.AsyncInterfaces'.
TpTrace Information: 0 : 10772, 1, 2022/09/27, 21:42:43.813, 18777053937, vstest.console.dll, AssemblyResolver.OnResolve: Microsoft.Bcl.AsyncInterfaces: Resolving assembly.
TpTrace Information: 0 : 10772, 1, 2022/09/27, 21:42:43.813, 18777054246, vstest.console.dll, AssemblyResolver.OnResolve: Microsoft.Bcl.AsyncInterfaces: Resolved from cache.
TpTrace Verbose: 0 : 10772, 1, 2022/09/27, 21:42:43.813, 18777054549, vstest.console.dll, CurrentDomainAssemblyResolve: Resolving assembly 'Microsoft.Bcl.AsyncInterfaces'.
TpTrace Verbose: 0 : 10772, 1, 2022/09/27, 21:42:43.813, 18777054824, vstest.console.dll, CurrentDomainAssemblyResolve: Failed to resolve assembly 'Microsoft.Bcl.AsyncInterfaces'.
TpTrace Verbose: 0 : 10772, 1, 2022/09/27, 21:42:43.814, 18777056275, vstest.console.dll, CurrentDomainAssemblyResolve: Failed to resolve assembly 'Microsoft.Bcl.AsyncInterfaces'.
TpTrace Warning: 0 : 10772, 1, 2022/09/27, 21:42:43.814, 18777060414, vstest.console.dll, TestPluginDiscoverer: Failed to get types from assembly 'Microsoft.Diagnostics.NETCore.Client, Version=0.2.5.801, Culture=neutral, PublicKeyToken=31bf3856ad364e35'. Error: System.Reflection.ReflectionTypeLoadException: Unable to load one or more of the requested types.
Could not load file or assembly 'Microsoft.Bcl.AsyncInterfaces, Version=1.0.0.0, Culture=neutral, PublicKeyToken=cc7b13ffcd2ddd51'. O sistema não pode encontrar o arquivo especificado.
   at System.Reflection.RuntimeModule.GetTypes(RuntimeModule module)
   at System.Reflection.Assembly.GetTypes()
   at Microsoft.VisualStudio.TestPlatform.Common.ExtensionFramework.TestPluginDiscoverer.GetTestExtensionsFromAssembly[TPluginInfo,TExtension](Assembly assembly, Dictionary`2 pluginInfos, String filePath)
System.IO.FileNotFoundException: Could not load file or assembly 'Microsoft.Bcl.AsyncInterfaces, Version=1.0.0.0, Culture=neutral, PublicKeyToken=cc7b13ffcd2ddd51'. O sistema não pode encontrar o arquivo especificado.
File name: 'Microsoft.Bcl.AsyncInterfaces, Version=1.0.0.0, Culture=neutral, PublicKeyToken=cc7b13ffcd2ddd51'
 ---> System.IO.FileNotFoundException: Could not load file or assembly 'Microsoft.Bcl.AsyncInterfaces, Culture=neutral, PublicKeyToken=null'. O sistema não pode encontrar o arquivo especificado.
File name: 'Microsoft.Bcl.AsyncInterfaces, Culture=neutral, PublicKeyToken=null'
   at System.Reflection.RuntimeAssembly.InternalLoad(ObjectHandleOnStack assemblyName, ObjectHandleOnStack requestingAssembly, StackCrawlMarkHandle stackMark, Boolean throwOnFileNotFound, ObjectHandleOnStack assemblyLoadContext, ObjectHandleOnStack retAssembly)
   at System.Reflection.RuntimeAssembly.InternalLoad(AssemblyName assemblyName, RuntimeAssembly requestingAssembly, StackCrawlMark& stackMark, Boolean throwOnFileNotFound, AssemblyLoadContext assemblyLoadContext)
   at System.Reflection.Assembly.Load(AssemblyName assemblyRef)
   at Microsoft.VisualStudio.TestPlatform.Common.ExtensionFramework.TestPluginCache.CurrentDomainAssemblyResolve(Object sender, AssemblyResolveEventArgs args)
   at Microsoft.VisualStudio.TestPlatform.PlatformAbstractions.PlatformAssemblyResolver.AssemblyResolverEvent(Object sender, Object eventArgs)
   at System.Runtime.Loader.AssemblyLoadContext.GetFirstResolvedAssemblyFromResolvingEvent(AssemblyName assemblyName)
   at System.Runtime.Loader.AssemblyLoadContext.ResolveUsingEvent(AssemblyName assemblyName)
   at System.Runtime.Loader.AssemblyLoadContext.ResolveUsingResolvingEvent(IntPtr gchManagedAssemblyLoadContext, AssemblyName assemblyName)
TpTrace Warning: 0 : 10772, 1, 2022/09/27, 21:42:43.814, 18777062187, vstest.console.dll, LoaderExceptions: System.IO.FileNotFoundException: Could not load file or assembly 'Microsoft.Bcl.AsyncInterfaces, Version=1.0.0.0, Culture=neutral, PublicKeyToken=cc7b13ffcd2ddd51'. O sistema não pode encontrar o arquivo especificado.
File name: 'Microsoft.Bcl.AsyncInterfaces, Version=1.0.0.0, Culture=neutral, PublicKeyToken=cc7b13ffcd2ddd51'
 ---> System.IO.FileNotFoundException: Could not load file or assembly 'Microsoft.Bcl.AsyncInterfaces, Culture=neutral, PublicKeyToken=null'. O sistema não pode encontrar o arquivo especificado.
File name: 'Microsoft.Bcl.AsyncInterfaces, Culture=neutral, PublicKeyToken=null'
   at System.Reflection.RuntimeAssembly.InternalLoad(ObjectHandleOnStack assemblyName, ObjectHandleOnStack requestingAssembly, StackCrawlMarkHandle stackMark, Boolean throwOnFileNotFound, ObjectHandleOnStack assemblyLoadContext, ObjectHandleOnStack retAssembly)
   at System.Reflection.RuntimeAssembly.InternalLoad(AssemblyName assemblyName, RuntimeAssembly requestingAssembly, StackCrawlMark& stackMark, Boolean throwOnFileNotFound, AssemblyLoadContext assemblyLoadContext)
   at System.Reflection.Assembly.Load(AssemblyName assemblyRef)
   at Microsoft.VisualStudio.TestPlatform.Common.ExtensionFramework.TestPluginCache.CurrentDomainAssemblyResolve(Object sender, AssemblyResolveEventArgs args)
   at Microsoft.VisualStudio.TestPlatform.PlatformAbstractions.PlatformAssemblyResolver.AssemblyResolverEvent(Object sender, Object eventArgs)
   at System.Runtime.Loader.AssemblyLoadContext.GetFirstResolvedAssemblyFromResolvingEvent(AssemblyName assemblyName)
   at System.Runtime.Loader.AssemblyLoadContext.ResolveUsingEvent(AssemblyName assemblyName)
   at System.Runtime.Loader.AssemblyLoadContext.ResolveUsingResolvingEvent(IntPtr gchManagedAssemblyLoadContext, AssemblyName assemblyName)
TpTrace Verbose: 0 : 10772, 1, 2022/09/27, 21:42:43.814, 18777063093, vstest.console.dll, MetadataReaderExtensionsHelper: Discovering extensions inside assembly 'Microsoft.TestPlatform.Extensions.BlameDataCollector, Version=15.0.0.0, Culture=neutral, PublicKeyToken=b03f5f7f11d50a3a' file path 'C:\Program Files\dotnet\sdk\6.0.401\Extensions\Microsoft.TestPlatform.Extensions.BlameDataCollector.dll'
TpTrace Information: 0 : 10772, 1, 2022/09/27, 21:42:43.815, 18777071998, vstest.console.dll, GetTestExtensionFromType: Register extension with identifier data 'logger://Microsoft/TestPlatform/Extensions/Blame/v1' and type 'Microsoft.TestPlatform.Extensions.BlameDataCollector.BlameLogger, Microsoft.TestPlatform.Extensions.BlameDataCollector, Version=15.0.0.0, Culture=neutral, PublicKeyToken=b03f5f7f11d50a3a' inside file 'C:\Program Files\dotnet\sdk\6.0.401\Extensions\Microsoft.TestPlatform.Extensions.BlameDataCollector.dll'
TpTrace Verbose: 0 : 10772, 1, 2022/09/27, 21:42:43.815, 18777072979, vstest.console.dll, MetadataReaderExtensionsHelper: Discovering extensions inside assembly 'Microsoft.TestPlatform.Extensions.EventLogCollector, Version=15.0.0.0, Culture=neutral, PublicKeyToken=b03f5f7f11d50a3a' file path 'C:\Program Files\dotnet\sdk\6.0.401\Extensions\Microsoft.TestPlatform.Extensions.EventLogCollector.dll'
TpTrace Verbose: 0 : 10772, 1, 2022/09/27, 21:42:43.816, 18777080205, vstest.console.dll, MetadataReaderExtensionsHelper: Discovering extensions inside assembly 'Microsoft.TestPlatform.TestHostRuntimeProvider, Version=15.0.0.0, Culture=neutral, PublicKeyToken=b03f5f7f11d50a3a' file path 'C:\Program Files\dotnet\sdk\6.0.401\Extensions\Microsoft.TestPlatform.TestHostRuntimeProvider.dll'
TpTrace Verbose: 0 : 10772, 1, 2022/09/27, 21:42:43.817, 18777086773, vstest.console.dll, MetadataReaderExtensionsHelper: Discovering extensions inside assembly 'Microsoft.VisualStudio.TestPlatform.Extensions.Html.TestLogger, Version=15.0.0.0, Culture=neutral, PublicKeyToken=b03f5f7f11d50a3a' file path 'C:\Program Files\dotnet\sdk\6.0.401\Extensions\Microsoft.VisualStudio.TestPlatform.Extensions.Html.TestLogger.dll'
TpTrace Information: 0 : 10772, 1, 2022/09/27, 21:42:43.817, 18777094644, vstest.console.dll, GetTestExtensionFromType: Register extension with identifier data 'logger://Microsoft/TestPlatform/HtmlLogger/v1' and type 'Microsoft.VisualStudio.TestPlatform.Extensions.HtmlLogger.HtmlLogger, Microsoft.VisualStudio.TestPlatform.Extensions.Html.TestLogger, Version=15.0.0.0, Culture=neutral, PublicKeyToken=b03f5f7f11d50a3a' inside file 'C:\Program Files\dotnet\sdk\6.0.401\Extensions\Microsoft.VisualStudio.TestPlatform.Extensions.Html.TestLogger.dll'
TpTrace Verbose: 0 : 10772, 1, 2022/09/27, 21:42:43.818, 18777095631, vstest.console.dll, MetadataReaderExtensionsHelper: Discovering extensions inside assembly 'Microsoft.VisualStudio.TestPlatform.Extensions.Trx.TestLogger, Version=15.0.0.0, Culture=neutral, PublicKeyToken=b03f5f7f11d50a3a' file path 'C:\Program Files\dotnet\sdk\6.0.401\Extensions\Microsoft.VisualStudio.TestPlatform.Extensions.Trx.TestLogger.dll'
TpTrace Information: 0 : 10772, 1, 2022/09/27, 21:42:43.818, 18777103851, vstest.console.dll, GetTestExtensionFromType: Register extension with identifier data 'logger://Microsoft/TestPlatform/TrxLogger/v1' and type 'Microsoft.VisualStudio.TestPlatform.Extensions.TrxLogger.TrxLogger, Microsoft.VisualStudio.TestPlatform.Extensions.Trx.TestLogger, Version=15.0.0.0, Culture=neutral, PublicKeyToken=b03f5f7f11d50a3a' inside file 'C:\Program Files\dotnet\sdk\6.0.401\Extensions\Microsoft.VisualStudio.TestPlatform.Extensions.Trx.TestLogger.dll'
TpTrace Verbose: 0 : 10772, 1, 2022/09/27, 21:42:43.818, 18777104879, vstest.console.dll, TestPluginCache: Discovered the extensions using extension path ''.
TpTrace Verbose: 0 : 10772, 1, 2022/09/27, 21:42:43.819, 18777105257, vstest.console.dll, TestPluginCache: Discoverers are ''.
TpTrace Verbose: 0 : 10772, 1, 2022/09/27, 21:42:43.819, 18777105544, vstest.console.dll, TestPluginCache: Executors are ''.
TpTrace Verbose: 0 : 10772, 1, 2022/09/27, 21:42:43.819, 18777105803, vstest.console.dll, TestPluginCache: Executors2 are ''.
TpTrace Verbose: 0 : 10772, 1, 2022/09/27, 21:42:43.819, 18777106064, vstest.console.dll, TestPluginCache: Setting providers are ''.
TpTrace Verbose: 0 : 10772, 1, 2022/09/27, 21:42:43.819, 18777106805, vstest.console.dll, TestPluginCache: Loggers are 'logger://Microsoft/TestPlatform/Extensions/Blame/v1,logger://Microsoft/TestPlatform/HtmlLogger/v1,logger://Microsoft/TestPlatform/TrxLogger/v1'.
TpTrace Verbose: 0 : 10772, 1, 2022/09/27, 21:42:43.819, 18777107279, vstest.console.dll, TestPluginCache: TestHosts are 'HostProvider://DefaultTestHost,HostProvider://DotnetTestHost'.
TpTrace Verbose: 0 : 10772, 1, 2022/09/27, 21:42:43.819, 18777107578, vstest.console.dll, TestPluginCache: DataCollectors are ''.
TpTrace Information: 0 : 10772, 1, 2022/09/27, 21:42:43.819, 18777114114, vstest.console.dll, TestPluginManager.CreateTestExtension: Attempting to load test extension: Microsoft.TestPlatform.Extensions.BlameDataCollector.BlameLogger
TpTrace Verbose: 0 : 10772, 1, 2022/09/27, 21:42:43.828, 18777195589, vstest.console.dll, TestEngine: Initializing Parallel Execution as MaxCpuCount is set to: 1
TpTrace Information: 0 : 10772, 1, 2022/09/27, 21:42:43.830, 18777216531, vstest.console.dll, TestPluginManager.CreateTestExtension: Attempting to load test extension: Microsoft.VisualStudio.TestPlatform.CrossPlatEngine.Hosting.DefaultTestHostManager
TpTrace Information: 0 : 10772, 1, 2022/09/27, 21:42:43.831, 18777230284, vstest.console.dll, TestPluginManager.CreateTestExtension: Attempting to load test extension: Microsoft.VisualStudio.TestPlatform.CrossPlatEngine.Hosting.DotnetTestHostManager
TpTrace Information: 0 : 10772, 1, 2022/09/27, 21:42:43.832, 18777236803, vstest.console.dll, InferRunSettingsHelper.IsTestSettingsEnabled: Unable to navigate to RunSettings/MSTest. Current node: RunSettings
TpTrace Verbose: 0 : 10772, 1, 2022/09/27, 21:42:43.838, 18777295043, vstest.console.dll, TestEngine.GetExecutionManager: Chosen execution manager 'Microsoft.VisualStudio.TestPlatform.CrossPlatEngine.Client.Parallel.ParallelProxyExecutionManager, Microsoft.TestPlatform.CrossPlatEngine, Version=15.0.0.0, Culture=neutral, PublicKeyToken=b03f5f7f11d50a3a' ParallelLevel '1'.
TpTrace Verbose: 0 : 10772, 1, 2022/09/27, 21:42:43.838, 18777296730, vstest.console.dll, TestRunRequest.ExecuteAsync: Creating test run request.
TpTrace Verbose: 0 : 10772, 1, 2022/09/27, 21:42:43.838, 18777299320, vstest.console.dll, TestRunRequest.ExecuteAsync: Starting.
TpTrace Information: 0 : 10772, 1, 2022/09/27, 21:42:43.838, 18777302544, vstest.console.dll, TestRunRequest.ExecuteAsync: Starting run with settings:TestRunCriteria:
   KeepAlive=False,FrequencyOfRunStatsChangeEvent=10,RunStatsChangeEventTimeout=00:00:01.5000000,TestCaseFilter=,TestExecutorLauncher=
   Settingsxml=<RunSettings>
  <RunConfiguration>
    <ResultsDirectory>C:\Users\Usuario\source\repos\repo_token\token.generator\testtokengenerator\bin\Debug\net6.0\fine-code-coverage\coverage-tool-output</ResultsDirectory>
    <TargetPlatform>X64</TargetPlatform>
    <TargetFrameworkVersion>.NETCoreApp,Version=v6.0</TargetFrameworkVersion>
    <DesignMode>False</DesignMode>
    <CollectSourceInformation>False</CollectSourceInformation>
  </RunConfiguration>
  <LoggerRunSettings>
    <Loggers>
      <Logger friendlyName="blame" enabled="True" />
      <Logger friendlyName="Console" uri="logger://microsoft/TestPlatform/ConsoleLogger/v1" assemblyQualifiedName="Microsoft.VisualStudio.TestPlatform.CommandLine.Internal.ConsoleLogger, vstest.console, Version=15.0.0.0, Culture=neutral, PublicKeyToken=b03f5f7f11d50a3a" codeBase="C:\Program Files\dotnet\sdk\6.0.401\vstest.console.dll" enabled="True" />
    </Loggers>
  </LoggerRunSettings>
  <DataCollectionRunSettings>
    <DataCollectors>
      <DataCollector friendlyName="blame" enabled="True">
        <Configuration>
          <ResultsDirectory>C:\Users\Usuario\source\repos\repo_token\token.generator\testtokengenerator\bin\Debug\net6.0\fine-code-coverage\coverage-tool-output</ResultsDirectory>
        </Configuration>
      </DataCollector>
    </DataCollectors>
  </DataCollectionRunSettings>
</RunSettings>

TpTrace Verbose: 0 : 10772, 1, 2022/09/27, 21:42:43.838, 18777303108, vstest.console.dll, TestRunRequest.ExecuteAsync: Wait for the first run request is over.
TpTrace Verbose: 0 : 10772, 1, 2022/09/27, 21:42:43.839, 18777305866, vstest.console.dll, MulticastDelegateUtilities.SafeInvoke: TestRun.TestRunStart: Invoking callbacks was skipped because there are no subscribers.
TpTrace Verbose: 0 : 10772, 4, 2022/09/27, 21:42:43.839, 18777309132, vstest.console.dll, MulticastDelegateUtilities.SafeInvoke: InternalTestLoggerEvents.SendTestRunStart: Invoking callback 1/1 for Microsoft.VisualStudio.TestPlatform.CommandLine.Internal.ConsoleLogger.TestRunStartHandler, took 0 ms.
TpTrace Verbose: 0 : 10772, 1, 2022/09/27, 21:42:43.841, 18777328881, vstest.console.dll, ParallelProxyExecutionManager: Start execution. Total sources: 1
TpTrace Verbose: 0 : 10772, 1, 2022/09/27, 21:42:43.844, 18777356680, vstest.console.dll, TestRequestSender is acting as server.
TpTrace Verbose: 0 : 10772, 1, 2022/09/27, 21:42:43.846, 18777377637, vstest.console.dll, DataCollectionRequestSender.InitializeCommunication : Initialize communication. 
TpTrace Information: 0 : 10772, 1, 2022/09/27, 21:42:43.854, 18777464733, vstest.console.dll, Listening on Endpoint : 127.0.0.1:50112
TpTrace Verbose: 0 : 10772, 1, 2022/09/27, 21:42:43.866, 18777577331, vstest.console.dll, DotnetDataCollectionLauncher: Adding  --runtimeconfig "C:\Program Files\dotnet\sdk\6.0.401\datacollector.runtimeconfig.json" in args
TpTrace Verbose: 0 : 10772, 1, 2022/09/27, 21:42:43.866, 18777578692, vstest.console.dll, DotnetDataCollectionLauncher: Adding  --depsfile "C:\Program Files\dotnet\sdk\6.0.401\datacollector.deps.json" in args
TpTrace Verbose: 0 : 10772, 1, 2022/09/27, 21:42:43.866, 18777581308, vstest.console.dll, DotnetDataCollectionLauncher: Full path of dotnet.exe is C:\Program Files\dotnet\dotnet.exe
TpTrace Information: 0 : 10772, 1, 2022/09/27, 21:42:43.901, 18777929225, vstest.console.dll, ProxyDataCollectionManager.Initialize: Launched datacollector processId: 10652 port: 50112
TpTrace Information: 0 : 10772, 1, 2022/09/27, 21:42:43.901, 18777931249, vstest.console.dll, ProxyDataCollectionManager.Initialize: waiting for connection with timeout: 90 seconds
TpTrace Verbose: 0 : 10772, 1, 2022/09/27, 21:42:43.901, 18777932241, vstest.console.dll, DataCollectionRequestSender.WaitForRequestHandlerConnection : Waiting for connection with timeout: 90000
TpTrace Information: 0 : 10772, 5, 2022/09/27, 21:42:44.066, 18779575480, vstest.console.dll, Using the buffer size of 16384 bytes
TpTrace Verbose: 0 : 10772, 1, 2022/09/27, 21:42:44.066, 18779575622, vstest.console.dll, SocketCommunicationManager.WaitForClientConnection took: 164 ms, with 90000 ms timeout, and finished with True.
TpTrace Information: 0 : 10772, 5, 2022/09/27, 21:42:44.066, 18779576729, vstest.console.dll, Accepted Client request and set the flag
TpTrace Verbose: 0 : 10772, 1, 2022/09/27, 21:42:44.066, 18779578104, vstest.console.dll, ProxyDataCollectionManager.InvokeDataCollectionServiceAction: Starting.
TpTrace Information: 0 : 10772, 1, 2022/09/27, 21:42:44.066, 18779579395, vstest.console.dll, ProxyDataCollectionManager.BeforeTestRunStart: Get environment variable and port for datacollector processId: 10652 port: 50112
TpTrace Verbose: 0 : 10772, 1, 2022/09/27, 21:42:44.066, 18779580878, vstest.console.dll, DataCollectionRequestSender.SendBeforeTestRunStartAndGetResult: Send BeforeTestRunStart message with settingsXml <RunSettings><RunConfiguration><ResultsDirectory>C:\Users\Usuario\source\repos\repo_token\token.generator\testtokengenerator\bin\Debug\net6.0\fine-code-coverage\coverage-tool-output</ResultsDirectory><TargetPlatform>X64</TargetPlatform><TargetFrameworkVersion>.NETCoreApp,Version=v6.0</TargetFrameworkVersion><DesignMode>False</DesignMode><CollectSourceInformation>False</CollectSourceInformation><TestAdaptersPaths>C:\Program Files\dotnet\sdk\6.0.401\Extensions</TestAdaptersPaths></RunConfiguration><LoggerRunSettings><Loggers><Logger friendlyName="blame" enabled="True" /><Logger friendlyName="Console" uri="logger://microsoft/TestPlatform/ConsoleLogger/v1" assemblyQualifiedName="Microsoft.VisualStudio.TestPlatform.CommandLine.Internal.ConsoleLogger, vstest.console, Version=15.0.0.0, Culture=neutral, PublicKeyToken=b03f5f7f11d50a3a" codeBase="C:\Program Files\dotnet\sdk\6.0.401\vstest.console.dll" enabled="True" /></Loggers></LoggerRunSettings><DataCollectionRunSettings><DataCollectors><DataCollector friendlyName="blame" enabled="True"><Configuration><ResultsDirectory>C:\Users\Usuario\source\repos\repo_token\token.generator\testtokengenerator\bin\Debug\net6.0\fine-code-coverage\coverage-tool-output</ResultsDirectory></Configuration></DataCollector></DataCollectors></DataCollectionRunSettings></RunSettings> and sources System.Collections.Generic.List`1[System.String]: 
TpTrace Verbose: 0 : 10772, 1, 2022/09/27, 21:42:44.174, 18780656947, vstest.console.dll, DataCollectionRequestSender.SendBeforeTestRunStartAndGetResult: Received message: (DataCollection.SendMessage) -> {"MessageType":"DataCollection.SendMessage","Payload":{"FriendlyName":null,"Uri":null,"TestCaseId":"00000000-0000-0000-0000-000000000000","Message":"Logging DataCollector Diagnostics in file: C:\\Users\\Usuario\\source\\repos\\repo_token\\token.generator\\testtokengenerator\\bin\\Debug\\net6.0\\fine-code-coverage\\coverage-tool-output\\diagnostics.datacollector.22-09-27_21-42-43_86597_1.log","Level":0}}
TpTrace Verbose: 0 : 10772, 1, 2022/09/27, 21:42:44.281, 18781727634, vstest.console.dll, DataCollectionRequestSender.SendBeforeTestRunStartAndGetResult: Received message: (DataCollection.BeforeTestRunStartResult) -> {"MessageType":"DataCollection.BeforeTestRunStartResult","Payload":{"EnvironmentVariables":{},"DataCollectionEventsPort":50114}}
TpTrace Information: 0 : 10772, 1, 2022/09/27, 21:42:44.286, 18781781959, vstest.console.dll, ProxyDataCollectionManager.BeforeTestRunStart: SendBeforeTestRunStartAndGetResult successful, env variable from datacollector:   and testhost port: 50114
TpTrace Information: 0 : 10772, 1, 2022/09/27, 21:42:44.286, 18781783009, vstest.console.dll, ProxyDataCollectionManager.InvokeDataCollectionServiceAction: Completed.
TpTrace Verbose: 0 : 10772, 7, 2022/09/27, 21:42:44.287, 18781785189, vstest.console.dll, ParallelProxyExecutionManager: Execution started. Started clients: 1
TpTrace Verbose: 0 : 10772, 1, 2022/09/27, 21:42:44.287, 18781785513, vstest.console.dll, ProxyParallelExecutionManager: No sources available for execution.
TpTrace Information: 0 : 10772, 1, 2022/09/27, 21:42:44.287, 18781786398, vstest.console.dll, TestRunRequest.ExecuteAsync: Started.
TpTrace Verbose: 0 : 10772, 1, 2022/09/27, 21:42:44.287, 18781787249, vstest.console.dll, TestRunRequest.WaitForCompletion: Waiting with timeout -1.
TpTrace Verbose: 0 : 10772, 7, 2022/09/27, 21:42:44.287, 18781789402, vstest.console.dll, TestRunRequest:SendTestRunMessage: Starting.
TpTrace Verbose: 0 : 10772, 7, 2022/09/27, 21:42:44.287, 18781791338, vstest.console.dll, MulticastDelegateUtilities.SafeInvoke: TestRun.LogMessages: Invoking callback 1/1 for Microsoft.VisualStudio.TestPlatform.CommandLine.TestRunResultAggregator.TestRunMessageHandler, took 0 ms.
TpTrace Verbose: 0 : 10772, 4, 2022/09/27, 21:42:44.287, 18781791345, vstest.console.dll, MulticastDelegateUtilities.SafeInvoke: InternalTestLoggerEvents.SendTestRunMessage: Invoking callback 1/1 for Microsoft.VisualStudio.TestPlatform.CommandLine.Internal.ConsoleLogger.TestMessageHandler, took 0 ms.
TpTrace Information: 0 : 10772, 7, 2022/09/27, 21:42:44.287, 18781791879, vstest.console.dll, TestRunRequest:SendTestRunMessage: Completed.
TpTrace Verbose: 0 : 10772, 7, 2022/09/27, 21:42:44.287, 18781794777, vstest.console.dll, ProxyExecutionManager: Test host is always Lazy initialize.
TpTrace Verbose: 0 : 10772, 7, 2022/09/27, 21:42:44.288, 18781797025, vstest.console.dll, TestRequestSender.InitializeCommunication: initialize communication. 
TpTrace Information: 0 : 10772, 7, 2022/09/27, 21:42:44.288, 18781801857, vstest.console.dll, SocketServer.Start: Listening on endpoint : 127.0.0.1:50115
TpTrace Verbose: 0 : 10772, 7, 2022/09/27, 21:42:44.289, 18781809631, vstest.console.dll, DotnetTestHostmanager.GetTestHostProcessStartInfo: Platform environment 'X64' target architecture 'X64' framework '.NETCoreApp,Version=v6.0' OS 'Windows'
TpTrace Verbose: 0 : 10772, 7, 2022/09/27, 21:42:44.289, 18781811984, vstest.console.dll, DotnetTestHostmanager: Adding  --runtimeconfig "C:\Users\Usuario\source\repos\repo_token\token.generator\testtokengenerator\bin\Debug\net6.0\fine-code-coverage\build-output\testtokengenerator.runtimeconfig.json" in args
TpTrace Verbose: 0 : 10772, 7, 2022/09/27, 21:42:44.289, 18781813082, vstest.console.dll, DotnetTestHostmanager: Adding  --depsfile "C:\Users\Usuario\source\repos\repo_token\token.generator\testtokengenerator\bin\Debug\net6.0\fine-code-coverage\build-output\testtokengenerator.deps.json" in args
TpTrace Verbose: 0 : 10772, 7, 2022/09/27, 21:42:44.289, 18781814708, vstest.console.dll, DotnetTestHostmanager.IsWinOnArm: Current PROCESSOR_ARCHITECTURE from environment variable 'AMD64'
TpTrace Verbose: 0 : 10772, 7, 2022/09/27, 21:42:44.290, 18781815280, vstest.console.dll, DotnetTestHostmanager.IsWinOnArm: Is Windows on ARM 'False'
TpTrace Verbose: 0 : 10772, 7, 2022/09/27, 21:42:44.290, 18781817214, vstest.console.dll, DotnetTestHostManager: testhost.exe found at path: C:\Users\Usuario\source\repos\repo_token\token.generator\testtokengenerator\bin\Debug\net6.0\fine-code-coverage\build-output\testhost.exe
TpTrace Verbose: 0 : 10772, 7, 2022/09/27, 21:42:44.290, 18781817873, vstest.console.dll, DotnetTestHostmanager: Full path of host exe is C:\Users\Usuario\source\repos\repo_token\token.generator\testtokengenerator\bin\Debug\net6.0\fine-code-coverage\build-output\testhost.exe
TpTrace Verbose: 0 : 10772, 7, 2022/09/27, 21:42:44.290, 18781819152, vstest.console.dll, DotnetTestHostmanager.LaunchTestHostAsync: Found 'VSTEST_WINAPPHOST_DOTNET_ROOT' in env variables, value 'C:\Program Files\dotnet', forwarding to 'DOTNET_ROOT'
TpTrace Verbose: 0 : 10772, 7, 2022/09/27, 21:42:44.290, 18781820602, vstest.console.dll, DotnetTestHostManager: Starting process 'C:\Users\Usuario\source\repos\repo_token\token.generator\testtokengenerator\bin\Debug\net6.0\fine-code-coverage\build-output\testhost.exe' with command line ' --runtimeconfig "C:\Users\Usuario\source\repos\repo_token\token.generator\testtokengenerator\bin\Debug\net6.0\fine-code-coverage\build-output\testtokengenerator.runtimeconfig.json" --depsfile "C:\Users\Usuario\source\repos\repo_token\token.generator\testtokengenerator\bin\Debug\net6.0\fine-code-coverage\build-output\testtokengenerator.deps.json" --port 50115 --endpoint 127.0.0.1:050115 --role client --parentprocessid 10772 --diag "C:\Users\Usuario\source\repos\repo_token\token.generator\testtokengenerator\bin\Debug\net6.0\fine-code-coverage\coverage-tool-output\diagnostics.host.22-09-27_21-42-44_28914_7.log" --tracelevel 4 --datacollectionport 50114 --telemetryoptedin false'
TpTrace Verbose: 0 : 10772, 7, 2022/09/27, 21:42:44.335, 18782268223, vstest.console.dll, MulticastDelegateUtilities.SafeInvoke: HostProviderEvents.OnHostLaunched: Invoking callback 1/2 for Microsoft.VisualStudio.TestPlatform.CrossPlatEngine.Client.ProxyExecutionManagerWithDataCollection.TestHostLaunchedHandler, took 1 ms.
TpTrace Verbose: 0 : 10772, 7, 2022/09/27, 21:42:44.335, 18782269741, vstest.console.dll, Test Runtime launched
TpTrace Verbose: 0 : 10772, 7, 2022/09/27, 21:42:44.335, 18782270710, vstest.console.dll, MulticastDelegateUtilities.SafeInvoke: HostProviderEvents.OnHostLaunched: Invoking callback 2/2 for Microsoft.VisualStudio.TestPlatform.CrossPlatEngine.Client.ProxyOperationManager.TestHostManagerHostLaunched, took 0 ms.
TpTrace Verbose: 0 : 10772, 7, 2022/09/27, 21:42:44.335, 18782272873, vstest.console.dll, TestRequestSender.WaitForRequestHandlerConnection: waiting for connection with timeout: 90000.
TpTrace Verbose: 0 : 10772, 7, 2022/09/27, 21:42:44.528, 18784198719, vstest.console.dll, TestRequestSender.WaitForRequestHandlerConnection: waiting took 192 ms, with timeout 90000 ms, and result 0, which is success.
TpTrace Verbose: 0 : 10772, 12, 2022/09/27, 21:42:44.528, 18784198759, vstest.console.dll, MulticastDelegateUtilities.SafeInvoke: SocketServer: ClientConnected: Invoking callback 1/1 for Microsoft.VisualStudio.TestPlatform.CommunicationUtilities.TestRequestSender.<InitializeCommunication>b__24_0, took 0 ms.
TpTrace Verbose: 0 : 10772, 12, 2022/09/27, 21:42:44.528, 18784200494, vstest.console.dll, SocketServer.OnClientConnected: Client connected for endPoint: 127.0.0.1:50115, starting MessageLoopAsync:
TpTrace Verbose: 0 : 10772, 12, 2022/09/27, 21:42:44.528, 18784202591, vstest.console.dll, TcpClientExtensions.MessageLoopAsync: Polling on remoteEndPoint: 127.0.0.1:50116 localEndPoint: 127.0.0.1:50115
TpTrace Verbose: 0 : 10772, 7, 2022/09/27, 21:42:44.529, 18784209497, vstest.console.dll, TestRequestSender.CheckVersionWithTestHost: Sending check version message: {"MessageType":"ProtocolVersion","Payload":7}
TpTrace Verbose: 0 : 10772, 12, 2022/09/27, 21:42:44.694, 18785858606, vstest.console.dll, TcpClientExtensions.MessageLoopAsync: NotifyDataAvailable remoteEndPoint: 127.0.0.1:50116 localEndPoint: 127.0.0.1:50115
TpTrace Verbose: 0 : 10772, 12, 2022/09/27, 21:42:44.694, 18785861698, vstest.console.dll, TestRequestSender.CheckVersionWithTestHost: onMessageReceived received message: (ProtocolVersion) -> {"MessageType":"ProtocolVersion","Payload":5}
TpTrace Verbose: 0 : 10772, 12, 2022/09/27, 21:42:44.695, 18785873511, vstest.console.dll, MulticastDelegateUtilities.SafeInvoke: LengthPrefixCommunicationChannel: MessageReceived: Invoking callback 1/1 for Microsoft.VisualStudio.TestPlatform.CommunicationUtilities.TestRequestSender+<>c__DisplayClass26_0.<CheckVersionWithTestHost>b__0, took 1 ms.
TpTrace Verbose: 0 : 10772, 12, 2022/09/27, 21:42:44.696, 18785875405, vstest.console.dll, TcpClientExtensions.MessageLoopAsync: Polling on remoteEndPoint: 127.0.0.1:50116 localEndPoint: 127.0.0.1:50115
TpTrace Verbose: 0 : 10772, 7, 2022/09/27, 21:42:44.696, 18785878443, vstest.console.dll, TestPluginCache.GetExtensionPaths: Filtered extension paths: 
TpTrace Verbose: 0 : 10772, 7, 2022/09/27, 21:42:44.696, 18785880008, vstest.console.dll, TestPluginCache.GetExtensionPaths: Added default extension paths: C:\Program Files\dotnet\sdk\6.0.401\Extensions\Microsoft.Diagnostics.NETCore.Client.dll
C:\Program Files\dotnet\sdk\6.0.401\Extensions\Microsoft.TestPlatform.Extensions.BlameDataCollector.dll
C:\Program Files\dotnet\sdk\6.0.401\Extensions\Microsoft.TestPlatform.Extensions.EventLogCollector.dll
C:\Program Files\dotnet\sdk\6.0.401\Extensions\Microsoft.TestPlatform.TestHostRuntimeProvider.dll
C:\Program Files\dotnet\sdk\6.0.401\Extensions\Microsoft.VisualStudio.TestPlatform.Extensions.Html.TestLogger.dll
C:\Program Files\dotnet\sdk\6.0.401\Extensions\Microsoft.VisualStudio.TestPlatform.Extensions.Trx.TestLogger.dll
TpTrace Verbose: 0 : 10772, 7, 2022/09/27, 21:42:44.696, 18785880612, vstest.console.dll, TestPluginCache.GetExtensionPaths: Added unfilterableExtensionPaths: 
TpTrace Verbose: 0 : 10772, 7, 2022/09/27, 21:42:44.701, 18785933037, vstest.console.dll, TestRequestSender.InitializeExecution: Sending initialize execution with message: {"Version":5,"MessageType":"TestExecution.Initialize","Payload":["C:\\Users\\Usuario\\source\\repos\\repo_token\\token.generator\\testtokengenerator\\bin\\Debug\\net6.0\\fine-code-coverage\\build-output\\NUnit3.TestAdapter.dll"]}
TpTrace Warning: 0 : 10772, 7, 2022/09/27, 21:42:44.702, 18785938333, vstest.console.dll, InferRunSettingsHelper.MakeRunsettingsCompatible: Removing the following settings: TargetPlatform from RunSettings file. To use those settings please move to latest version of Microsoft.NET.Test.Sdk
TpTrace Verbose: 0 : 10772, 7, 2022/09/27, 21:42:44.718, 18786100693, vstest.console.dll, TestRequestSender.StartTestRun: Sending test run with message: {"Version":5,"MessageType":"TestExecution.StartWithSources","Payload":{"AdapterSourceMap":{"_none_":["C:\\Users\\Usuario\\source\\repos\\repo_token\\token.generator\\testtokengenerator\\bin\\Debug\\net6.0\\fine-code-coverage\\build-output\\testtokengenerator.dll"]},"RunSettings":"<RunSettings>\r\n  <RunConfiguration>\r\n    <ResultsDirectory>C:\\Users\\Usuario\\source\\repos\\repo_token\\token.generator\\testtokengenerator\\bin\\Debug\\net6.0\\fine-code-coverage\\coverage-tool-output</ResultsDirectory>\r\n    <TargetFrameworkVersion>.NETCoreApp,Version=v6.0</TargetFrameworkVersion>\r\n    <DesignMode>False</DesignMode>\r\n    <CollectSourceInformation>False</CollectSourceInformation>\r\n  </RunConfiguration>\r\n  <LoggerRunSettings>\r\n    <Loggers>\r\n      <Logger friendlyName=\"blame\" enabled=\"True\" />\r\n      <Logger friendlyName=\"Console\" uri=\"logger://microsoft/TestPlatform/ConsoleLogger/v1\" assemblyQualifiedName=\"Microsoft.VisualStudio.TestPlatform.CommandLine.Internal.ConsoleLogger, vstest.console, Version=15.0.0.0, Culture=neutral, PublicKeyToken=b03f5f7f11d50a3a\" codeBase=\"C:\\Program Files\\dotnet\\sdk\\6.0.401\\vstest.console.dll\" enabled=\"True\" />\r\n    </Loggers>\r\n  </LoggerRunSettings>\r\n  <DataCollectionRunSettings>\r\n    <DataCollectors>\r\n      <DataCollector friendlyName=\"blame\" enabled=\"True\">\r\n        <Configuration>\r\n          <ResultsDirectory>C:\\Users\\Usuario\\source\\repos\\repo_token\\token.generator\\testtokengenerator\\bin\\Debug\\net6.0\\fine-code-coverage\\coverage-tool-output</ResultsDirectory>\r\n        </Configuration>\r\n      </DataCollector>\r\n    </DataCollectors>\r\n  </DataCollectionRunSettings>\r\n</RunSettings>","TestExecutionContext":{"FrequencyOfRunStatsChangeEvent":10,"RunStatsChangeEventTimeout":"00:00:01.5000000","InIsolation":false,"KeepAlive":false,"AreTestCaseLevelEventsRequired":false,"IsDebug":false,"TestCaseFilter":null,"FilterOptions":null},"Package":null}}
TpTrace Verbose: 0 : 10772, 12, 2022/09/27, 21:42:44.733, 18786248639, vstest.console.dll, TcpClientExtensions.MessageLoopAsync: NotifyDataAvailable remoteEndPoint: 127.0.0.1:50116 localEndPoint: 127.0.0.1:50115
TpTrace Verbose: 0 : 10772, 12, 2022/09/27, 21:42:44.733, 18786250274, vstest.console.dll, TestRequestSender.OnExecutionMessageReceived: Received message: {"Version":5,"MessageType":"TestSession.Message","Payload":{"MessageLevel":0,"Message":"Registro em log do diagnóstico TestHost no arquivo: C:\\Users\\Usuario\\source\\repos\\repo_token\\token.generator\\testtokengenerator\\bin\\Debug\\net6.0\\fine-code-coverage\\coverage-tool-output\\diagnostics.host.22-09-27_21-42-44_28914_7.log"}}
TpTrace Verbose: 0 : 10772, 12, 2022/09/27, 21:42:44.736, 18786278438, vstest.console.dll, TestRunRequest:SendTestRunMessage: Starting.
TpTrace Verbose: 0 : 10772, 12, 2022/09/27, 21:42:44.736, 18786280055, vstest.console.dll, MulticastDelegateUtilities.SafeInvoke: TestRun.LogMessages: Invoking callback 1/1 for Microsoft.VisualStudio.TestPlatform.CommandLine.TestRunResultAggregator.TestRunMessageHandler, took 0 ms.
TpTrace Verbose: 0 : 10772, 4, 2022/09/27, 21:42:44.736, 18786280169, vstest.console.dll, MulticastDelegateUtilities.SafeInvoke: InternalTestLoggerEvents.SendTestRunMessage: Invoking callback 1/1 for Microsoft.VisualStudio.TestPlatform.CommandLine.Internal.ConsoleLogger.TestMessageHandler, took 0 ms.
TpTrace Information: 0 : 10772, 12, 2022/09/27, 21:42:44.736, 18786280867, vstest.console.dll, TestRunRequest:SendTestRunMessage: Completed.
TpTrace Verbose: 0 : 10772, 12, 2022/09/27, 21:42:44.736, 18786282328, vstest.console.dll, MulticastDelegateUtilities.SafeInvoke: LengthPrefixCommunicationChannel: MessageReceived: Invoking callback 1/1 for Microsoft.VisualStudio.TestPlatform.CommunicationUtilities.TestRequestSender+<>c__DisplayClass31_0.<StartTestRun>b__1, took 3 ms.
TpTrace Verbose: 0 : 10772, 12, 2022/09/27, 21:42:44.736, 18786282768, vstest.console.dll, TcpClientExtensions.MessageLoopAsync: Polling on remoteEndPoint: 127.0.0.1:50116 localEndPoint: 127.0.0.1:50115
TpTrace Verbose: 0 : 10772, 12, 2022/09/27, 21:42:44.998, 18788899164, vstest.console.dll, TcpClientExtensions.MessageLoopAsync: NotifyDataAvailable remoteEndPoint: 127.0.0.1:50116 localEndPoint: 127.0.0.1:50115
TpTrace Verbose: 0 : 10772, 12, 2022/09/27, 21:42:44.998, 18788901097, vstest.console.dll, TestRequestSender.OnExecutionMessageReceived: Received message: {"Version":5,"MessageType":"TestSession.Message","Payload":{"MessageLevel":0,"Message":"NUnit Adapter 4.0.0.0: Test execution started"}}
TpTrace Verbose: 0 : 10772, 12, 2022/09/27, 21:42:44.998, 18788903382, vstest.console.dll, TestRunRequest:SendTestRunMessage: Starting.
TpTrace Verbose: 0 : 10772, 12, 2022/09/27, 21:42:44.998, 18788904269, vstest.console.dll, MulticastDelegateUtilities.SafeInvoke: TestRun.LogMessages: Invoking callback 1/1 for Microsoft.VisualStudio.TestPlatform.CommandLine.TestRunResultAggregator.TestRunMessageHandler, took 0 ms.
TpTrace Verbose: 0 : 10772, 4, 2022/09/27, 21:42:44.998, 18788904523, vstest.console.dll, MulticastDelegateUtilities.SafeInvoke: InternalTestLoggerEvents.SendTestRunMessage: Invoking callback 1/1 for Microsoft.VisualStudio.TestPlatform.CommandLine.Internal.ConsoleLogger.TestMessageHandler, took 0 ms.
TpTrace Information: 0 : 10772, 12, 2022/09/27, 21:42:44.999, 18788905419, vstest.console.dll, TestRunRequest:SendTestRunMessage: Completed.
TpTrace Verbose: 0 : 10772, 12, 2022/09/27, 21:42:44.999, 18788906115, vstest.console.dll, MulticastDelegateUtilities.SafeInvoke: LengthPrefixCommunicationChannel: MessageReceived: Invoking callback 1/1 for Microsoft.VisualStudio.TestPlatform.CommunicationUtilities.TestRequestSender+<>c__DisplayClass31_0.<StartTestRun>b__1, took 0 ms.
TpTrace Verbose: 0 : 10772, 12, 2022/09/27, 21:42:44.999, 18788906727, vstest.console.dll, TcpClientExtensions.MessageLoopAsync: Polling on remoteEndPoint: 127.0.0.1:50116 localEndPoint: 127.0.0.1:50115
TpTrace Verbose: 0 : 10772, 12, 2022/09/27, 21:42:45.046, 18789379856, vstest.console.dll, TcpClientExtensions.MessageLoopAsync: NotifyDataAvailable remoteEndPoint: 127.0.0.1:50116 localEndPoint: 127.0.0.1:50115
TpTrace Verbose: 0 : 10772, 12, 2022/09/27, 21:42:45.046, 18789381402, vstest.console.dll, TestRequestSender.OnExecutionMessageReceived: Received message: {"Version":5,"MessageType":"TestSession.Message","Payload":{"MessageLevel":0,"Message":"Running all tests in C:\\Users\\Usuario\\source\\repos\\repo_token\\token.generator\\testtokengenerator\\bin\\Debug\\net6.0\\fine-code-coverage\\build-output\\testtokengenerator.dll"}}
TpTrace Verbose: 0 : 10772, 12, 2022/09/27, 21:42:45.053, 18789454260, vstest.console.dll, TestRunRequest:SendTestRunMessage: Starting.
TpTrace Verbose: 0 : 10772, 12, 2022/09/27, 21:42:45.054, 18789456490, vstest.console.dll, MulticastDelegateUtilities.SafeInvoke: TestRun.LogMessages: Invoking callback 1/1 for Microsoft.VisualStudio.TestPlatform.CommandLine.TestRunResultAggregator.TestRunMessageHandler, took 0 ms.
TpTrace Verbose: 0 : 10772, 4, 2022/09/27, 21:42:45.054, 18789456605, vstest.console.dll, MulticastDelegateUtilities.SafeInvoke: InternalTestLoggerEvents.SendTestRunMessage: Invoking callback 1/1 for Microsoft.VisualStudio.TestPlatform.CommandLine.Internal.ConsoleLogger.TestMessageHandler, took 0 ms.
TpTrace Information: 0 : 10772, 12, 2022/09/27, 21:42:45.054, 18789457514, vstest.console.dll, TestRunRequest:SendTestRunMessage: Completed.
TpTrace Verbose: 0 : 10772, 12, 2022/09/27, 21:42:45.054, 18789458935, vstest.console.dll, MulticastDelegateUtilities.SafeInvoke: LengthPrefixCommunicationChannel: MessageReceived: Invoking callback 1/1 for Microsoft.VisualStudio.TestPlatform.CommunicationUtilities.TestRequestSender+<>c__DisplayClass31_0.<StartTestRun>b__1, took 7 ms.
TpTrace Verbose: 0 : 10772, 12, 2022/09/27, 21:42:45.054, 18789459708, vstest.console.dll, TcpClientExtensions.MessageLoopAsync: Polling on remoteEndPoint: 127.0.0.1:50116 localEndPoint: 127.0.0.1:50115
TpTrace Verbose: 0 : 10772, 12, 2022/09/27, 21:42:45.263, 18791548613, vstest.console.dll, TcpClientExtensions.MessageLoopAsync: NotifyDataAvailable remoteEndPoint: 127.0.0.1:50116 localEndPoint: 127.0.0.1:50115
TpTrace Verbose: 0 : 10772, 12, 2022/09/27, 21:42:45.263, 18791550312, vstest.console.dll, TestRequestSender.OnExecutionMessageReceived: Received message: {"Version":5,"MessageType":"TestSession.Message","Payload":{"MessageLevel":0,"Message":"   NUnit3TestExecutor discovered 31 of 31 NUnit test cases using Current Discovery mode, Non-Explicit run"}}
TpTrace Verbose: 0 : 10772, 12, 2022/09/27, 21:42:45.263, 18791551913, vstest.console.dll, TestRunRequest:SendTestRunMessage: Starting.
TpTrace Verbose: 0 : 10772, 12, 2022/09/27, 21:42:45.263, 18791553088, vstest.console.dll, MulticastDelegateUtilities.SafeInvoke: TestRun.LogMessages: Invoking callback 1/1 for Microsoft.VisualStudio.TestPlatform.CommandLine.TestRunResultAggregator.TestRunMessageHandler, took 0 ms.
TpTrace Verbose: 0 : 10772, 4, 2022/09/27, 21:42:45.263, 18791553247, vstest.console.dll, MulticastDelegateUtilities.SafeInvoke: InternalTestLoggerEvents.SendTestRunMessage: Invoking callback 1/1 for Microsoft.VisualStudio.TestPlatform.CommandLine.Internal.ConsoleLogger.TestMessageHandler, took 0 ms.
TpTrace Information: 0 : 10772, 12, 2022/09/27, 21:42:45.263, 18791553690, vstest.console.dll, TestRunRequest:SendTestRunMessage: Completed.
TpTrace Verbose: 0 : 10772, 12, 2022/09/27, 21:42:45.264, 18791555092, vstest.console.dll, MulticastDelegateUtilities.SafeInvoke: LengthPrefixCommunicationChannel: MessageReceived: Invoking callback 1/1 for Microsoft.VisualStudio.TestPlatform.CommunicationUtilities.TestRequestSender+<>c__DisplayClass31_0.<StartTestRun>b__1, took 0 ms.
TpTrace Verbose: 0 : 10772, 12, 2022/09/27, 21:42:45.264, 18791555628, vstest.console.dll, TcpClientExtensions.MessageLoopAsync: Polling on remoteEndPoint: 127.0.0.1:50116 localEndPoint: 127.0.0.1:50115
TpTrace Verbose: 0 : 10772, 12, 2022/09/27, 21:42:46.268, 18801598065, vstest.console.dll, TcpClientExtensions.MessageLoopAsync: Polling on remoteEndPoint: 127.0.0.1:50116 localEndPoint: 127.0.0.1:50115
TpTrace Verbose: 0 : 10772, 12, 2022/09/27, 21:42:46.386, 18802777588, vstest.console.dll, TcpClientExtensions.MessageLoopAsync: NotifyDataAvailable remoteEndPoint: 127.0.0.1:50116 localEndPoint: 127.0.0.1:50115
TpTrace Verbose: 0 : 10772, 12, 2022/09/27, 21:42:46.386, 18802779743, vstest.console.dll, TestRequestSender.OnExecutionMessageReceived: Received message: {"Version":5,"MessageType":"TestExecution.StatsChange","Payload":{"NewTestResults":[{"TestCase":{"Id":"f924cc55-cf21-bbc7-ba06-731e791c41ca","FullyQualifiedName":"TestCardRegister.CardServiceTest.TestCardServiceShouldGetCardById","DisplayName":"TestCardServiceShouldGetCardById","ExecutorUri":"executor://NUnit3TestExecutor","Source":"C:\\Users\\Usuario\\source\\repos\\repo_token\\token.generator\\testtokengenerator\\bin\\Debug\\net6.0\\fine-code-coverage\\build-output\\testtokengenerator.dll","CodeFilePath":null,"LineNumber":0,"Properties":[{"Key":{"Id":"NUnit.Seed","Label":"Seed","Category":"","Description":"","Attributes":0,"ValueType":"System.String"},"Value":"458666540"}]},"Attachments":[],"Outcome":1,"ErrorMessage":null,"ErrorStackTrace":null,"DisplayName":"TestCardServiceShouldGetCardById","Messages":[],"ComputerName":"DESKTOP-UO9PP7U","Duration":"00:00:00.9255750","StartTime":"2022-09-28T00:42:45.321834+00:00","EndTime":"2022-09-28T00:42:46.2472351+00:00","Properties":[{"Key":{"Id":"NUnit.Seed","Label":"Seed","Category":"","Description":"","Attributes":0,"ValueType":"System.String"},"Value":"458666540"}]}],"TestRunStatistics":{"ExecutedTests":1,"Stats":{"Passed":1}},"ActiveTests":[{"Id":"52865c9a-b07d-6467-b331-0e26fe83ee94","FullyQualifiedName":"TestCardRegister.CardServiceTest.TestCardServiceShouldGetCardByIdNotFound","DisplayName":"TestCardServiceShouldGetCardByIdNotFound","ExecutorUri":"executor://NUnit3TestExecutor","Source":"C:\\Users\\Usuario\\source\\repos\\repo_token\\token.generator\\testtokengenerator\\bin\\Debug\\net6.0\\fine-code-coverage\\build-output\\testtokengenerator.dll","CodeFilePath":null,"LineNumber":0,"Properties":[{"Key":{"Id":"NUnit.Seed","Label":"Seed","Category":"","Description":"","Attributes":0,"ValueType":"System.String"},"Value":"1319124316"}]}]}}
TpTrace Verbose: 0 : 10772, 12, 2022/09/27, 21:42:46.424, 18803156046, vstest.console.dll, TestRunRequest:SendTestRunStatsChange: Starting.
TpTrace Verbose: 0 : 10772, 12, 2022/09/27, 21:42:46.424, 18803157787, vstest.console.dll, InProgress is TestCardServiceShouldGetCardByIdNotFound
TpTrace Verbose: 0 : 10772, 12, 2022/09/27, 21:42:46.424, 18803159807, vstest.console.dll, MulticastDelegateUtilities.SafeInvoke: TestRun.RunStatsChanged: Invoking callbacks was skipped because there are no subscribers.
TpTrace Information: 0 : 10772, 12, 2022/09/27, 21:42:46.424, 18803160367, vstest.console.dll, TestRunRequest:SendTestRunStatsChange: Completed.
TpTrace Verbose: 0 : 10772, 12, 2022/09/27, 21:42:46.424, 18803160877, vstest.console.dll, MulticastDelegateUtilities.SafeInvoke: LengthPrefixCommunicationChannel: MessageReceived: Invoking callback 1/1 for Microsoft.VisualStudio.TestPlatform.CommunicationUtilities.TestRequestSender+<>c__DisplayClass31_0.<StartTestRun>b__1, took 38 ms.
TpTrace Verbose: 0 : 10772, 12, 2022/09/27, 21:42:46.424, 18803161375, vstest.console.dll, TcpClientExtensions.MessageLoopAsync: Polling on remoteEndPoint: 127.0.0.1:50116 localEndPoint: 127.0.0.1:50115
TpTrace Verbose: 0 : 10772, 4, 2022/09/27, 21:42:46.429, 18803211315, vstest.console.dll, MulticastDelegateUtilities.SafeInvoke: InternalTestLoggerEvents.SendTestResult: Invoking callback 1/1 for Microsoft.VisualStudio.TestPlatform.CommandLine.Internal.ConsoleLogger.TestResultHandler, took 5 ms.
TpTrace Verbose: 0 : 10772, 12, 2022/09/27, 21:42:46.574, 18804662720, vstest.console.dll, TcpClientExtensions.MessageLoopAsync: NotifyDataAvailable remoteEndPoint: 127.0.0.1:50116 localEndPoint: 127.0.0.1:50115
TpTrace Verbose: 0 : 10772, 12, 2022/09/27, 21:42:46.575, 18804665831, vstest.console.dll, TestRequestSender.OnExecutionMessageReceived: Received message: {"Version":5,"MessageType":"TestExecution.StatsChange","Payload":{"NewTestResults":[{"TestCase":{"Id":"52865c9a-b07d-6467-b331-0e26fe83ee94","FullyQualifiedName":"TestCardRegister.CardServiceTest.TestCardServiceShouldGetCardByIdNotFound","DisplayName":"TestCardServiceShouldGetCardByIdNotFound","ExecutorUri":"executor://NUnit3TestExecutor","Source":"C:\\Users\\Usuario\\source\\repos\\repo_token\\token.generator\\testtokengenerator\\bin\\Debug\\net6.0\\fine-code-coverage\\build-output\\testtokengenerator.dll","CodeFilePath":null,"LineNumber":0,"Properties":[{"Key":{"Id":"NUnit.Seed","Label":"Seed","Category":"","Description":"","Attributes":0,"ValueType":"System.String"},"Value":"1319124316"}]},"Attachments":[],"Outcome":1,"ErrorMessage":null,"ErrorStackTrace":null,"DisplayName":"TestCardServiceShouldGetCardByIdNotFound","Messages":[],"ComputerName":"DESKTOP-UO9PP7U","Duration":"00:00:00.2489190","StartTime":"2022-09-28T00:42:46.2492701+00:00","EndTime":"2022-09-28T00:42:46.4981896+00:00","Properties":[{"Key":{"Id":"NUnit.Seed","Label":"Seed","Category":"","Description":"","Attributes":0,"ValueType":"System.String"},"Value":"1319124316"}]},{"TestCase":{"Id":"15bdd3e1-9880-7d92-257b-2a1dd5604764","FullyQualifiedName":"TestCardRegister.CardServiceTest.TestCardServiceShouldListCards","DisplayName":"TestCardServiceShouldListCards","ExecutorUri":"executor://NUnit3TestExecutor","Source":"C:\\Users\\Usuario\\source\\repos\\repo_token\\token.generator\\testtokengenerator\\bin\\Debug\\net6.0\\fine-code-coverage\\build-output\\testtokengenerator.dll","CodeFilePath":null,"LineNumber":0,"Properties":[{"Key":{"Id":"NUnit.Seed","Label":"Seed","Category":"","Description":"","Attributes":0,"ValueType":"System.String"},"Value":"816179814"}]},"Attachments":[],"Outcome":1,"ErrorMessage":null,"ErrorStackTrace":null,"DisplayName":"TestCardServiceShouldListCards","Messages":[],"ComputerName":"DESKTOP-UO9PP7U","Duration":"00:00:00.0362600","StartTime":"2022-09-28T00:42:46.4982384+00:00","EndTime":"2022-09-28T00:42:46.5344982+00:00","Properties":[{"Key":{"Id":"NUnit.Seed","Label":"Seed","Category":"","Description":"","Attributes":0,"ValueType":"System.String"},"Value":"816179814"}]},{"TestCase":{"Id":"7f8c535e-79ed-66db-db20-0ae79ece38d0","FullyQualifiedName":"TestCardRegister.CardServiceTest.TestCardServiceShouldSaveCard","DisplayName":"TestCardServiceShouldSaveCard","ExecutorUri":"executor://NUnit3TestExecutor","Source":"C:\\Users\\Usuario\\source\\repos\\repo_token\\token.generator\\testtokengenerator\\bin\\Debug\\net6.0\\fine-code-coverage\\build-output\\testtokengenerator.dll","CodeFilePath":null,"LineNumber":0,"Properties":[{"Key":{"Id":"NUnit.Seed","Label":"Seed","Category":"","Description":"","Attributes":0,"ValueType":"System.String"},"Value":"1709006036"}]},"Attachments":[],"Outcome":1,"ErrorMessage":null,"ErrorStackTrace":null,"DisplayName":"TestCardServiceShouldSaveCard","Messages":[],"ComputerName":"DESKTOP-UO9PP7U","Duration":"00:00:00.0014110","StartTime":"2022-09-28T00:42:46.5357007+00:00","EndTime":"2022-09-28T00:42:46.537112+00:00","Properties":[{"Key":{"Id":"NUnit.Seed","Label":"Seed","Category":"","Description":"","Attributes":0,"ValueType":"System.String"},"Value":"1709006036"}]},{"TestCase":{"Id":"c587836b-22b6-06b4-7b89-1217cffb6d15","FullyQualifiedName":"TestCardRegister.CardServiceTest.TestCardServiceShouldSaveCardInvalidCardNumber(12341234123412341L)","DisplayName":"TestCardServiceShouldSaveCardInvalidCardNumber(12341234123412341L)","ExecutorUri":"executor://NUnit3TestExecutor","Source":"C:\\Users\\Usuario\\source\\repos\\repo_token\\token.generator\\testtokengenerator\\bin\\Debug\\net6.0\\fine-code-coverage\\build-output\\testtokengenerator.dll","CodeFilePath":null,"LineNumber":0,"Properties":[{"Key":{"Id":"NUnit.Seed","Label":"Seed","Category":"","Description":"","Attributes":0,"ValueType":"System.String"},"Value":"440654155"}]},"Attachments":[],"Outcome":1,"ErrorMessage":null,"ErrorStackTrace":null,"DisplayName":"TestCardServiceShouldSaveCardInvalidCardNumber(12341234123412341L)","Messages":[],"ComputerName":"DESKTOP-UO9PP7U","Duration":"00:00:00.0020830","StartTime":"2022-09-28T00:42:46.5378531+00:00","EndTime":"2022-09-28T00:42:46.5399356+00:00","Properties":[{"Key":{"Id":"NUnit.Seed","Label":"Seed","Category":"","Description":"","Attributes":0,"ValueType":"System.String"},"Value":"440654155"}]},{"TestCase":{"Id":"46c1f96d-10cd-6a25-7994-086fdc9e8234","FullyQualifiedName":"TestCardRegister.CardServiceTest.TestCardServiceShouldSaveCardInvalidCardNumberLessThan4Digits(0)","DisplayName":"TestCardServiceShouldSaveCardInvalidCardNumberLessThan4Digits(0)","ExecutorUri":"executor://NUnit3TestExecutor","Source":"C:\\Users\\Usuario\\source\\repos\\repo_token\\token.generator\\testtokengenerator\\bin\\Debug\\net6.0\\fine-code-coverage\\build-output\\testtokengenerator.dll","CodeFilePath":null,"LineNumber":0,"Properties":[{"Key":{"Id":"NUnit.Seed","Label":"Seed","Category":"","Description":"","Attributes":0,"ValueType":"System.String"},"Value":"841833741"}]},"Attachments":[],"Outcome":1,"ErrorMessage":null,"ErrorStackTrace":null,"DisplayName":"TestCardServiceShouldSaveCardInvalidCardNumberLessThan4Digits(0)","Messages":[],"ComputerName":"DESKTOP-UO9PP7U","Duration":"00:00:00.0010590","StartTime":"2022-09-28T00:42:46.5452879+00:00","EndTime":"2022-09-28T00:42:46.5463465+00:00","Properties":[{"Key":{"Id":"NUnit.Seed","Label":"Seed","Category":"","Description":"","Attributes":0,"ValueType":"System.String"},"Value":"841833741"}]},{"TestCase":{"Id":"977aec34-098f-6435-8c8f-ba6ea38c8d01","FullyQualifiedName":"TestCardRegister.CardServiceTest.TestCardServiceShouldSaveCardInvalidCardNumberLessThan4Digits(123)","DisplayName":"TestCardServiceShouldSaveCardInvalidCardNumberLessThan4Digits(123)","ExecutorUri":"executor://NUnit3TestExecutor","Source":"C:\\Users\\Usuario\\source\\repos\\repo_token\\token.generator\\testtokengenerator\\bin\\Debug\\net6.0\\fine-code-coverage\\build-output\\testtokengenerator.dll","CodeFilePath":null,"LineNumber":0,"Properties":[{"Key":{"Id":"NUnit.Seed","Label":"Seed","Category":"","Description":"","Attributes":0,"ValueType":"System.String"},"Value":"526157156"}]},"Attachments":[],"Outcome":1,"ErrorMessage":null,"ErrorStackTrace":null,"DisplayName":"TestCardServiceShouldSaveCardInvalidCardNumberLessThan4Digits(123)","Messages":[],"ComputerName":"DESKTOP-UO9PP7U","Duration":"00:00:00.0002599","StartTime":"2022-09-28T00:42:46.5463752+00:00","EndTime":"2022-09-28T00:42:46.5466352+00:00","Properties":[{"Key":{"Id":"NUnit.Seed","Label":"Seed","Category":"","Description":"","Attributes":0,"ValueType":"System.String"},"Value":"526157156"}]},{"TestCase":{"Id":"fb0dc87e-c4e9-c6ab-5f48-8b0eea2530a7","FullyQualifiedName":"TestCardRegister.CardServiceTest.TestCardServiceShouldSaveCardInvalidCVV(123456)","DisplayName":"TestCardServiceShouldSaveCardInvalidCVV(123456)","ExecutorUri":"executor://NUnit3TestExecutor","Source":"C:\\Users\\Usuario\\source\\repos\\repo_token\\token.generator\\testtokengenerator\\bin\\Debug\\net6.0\\fine-code-coverage\\build-output\\testtokengenerator.dll","CodeFilePath":null,"LineNumber":0,"Properties":[{"Key":{"Id":"NUnit.Seed","Label":"Seed","Category":"","Description":"","Attributes":0,"ValueType":"System.String"},"Value":"1864221858"}]},"Attachments":[],"Outcome":1,"ErrorMessage":null,"ErrorStackTrace":null,"DisplayName":"TestCardServiceShouldSaveCardInvalidCVV(123456)","Messages":[],"ComputerName":"DESKTOP-UO9PP7U","Duration":"00:00:00.0013270","StartTime":"2022-09-28T00:42:46.5467144+00:00","EndTime":"2022-09-28T00:42:46.5480407+00:00","Properties":[{"Key":{"Id":"NUnit.Seed","Label":"Seed","Category":"","Description":"","Attributes":0,"ValueType":"System.String"},"Value":"1864221858"}]},{"TestCase":{"Id":"7e103e98-da4d-5ca5-d704-90b02f30951c","FullyQualifiedName":"TestCardRegister.MapTest.TestShouldMapCardInputToDBCard","DisplayName":"TestShouldMapCardInputToDBCard","ExecutorUri":"executor://NUnit3TestExecutor","Source":"C:\\Users\\Usuario\\source\\repos\\repo_token\\token.generator\\testtokengenerator\\bin\\Debug\\net6.0\\fine-code-coverage\\build-output\\testtokengenerator.dll","CodeFilePath":null,"LineNumber":0,"Properties":[{"Key":{"Id":"NUnit.Seed","Label":"Seed","Category":"","Description":"","Attributes":0,"ValueType":"System.String"},"Value":"1460040346"}]},"Attachments":[],"Outcome":1,"ErrorMessage":null,"ErrorStackTrace":null,"DisplayName":"TestShouldMapCardInputToDBCard","Messages":[],"ComputerName":"DESKTOP-UO9PP7U","Duration":"00:00:00.0005880","StartTime":"2022-09-28T00:42:46.5491496+00:00","EndTime":"2022-09-28T00:42:46.5497374+00:00","Properties":[{"Key":{"Id":"NUnit.Seed","Label":"Seed","Category":"","Description":"","Attributes":0,"ValueType":"System.String"},"Value":"1460040346"}]},{"TestCase":{"Id":"165be7ac-3c25-0339-e045-097acc5f0dc7","FullyQualifiedName":"TestCardRegister.MapTest.TestShouldMapDBCardToResponse","DisplayName":"TestShouldMapDBCardToResponse","ExecutorUri":"executor://NUnit3TestExecutor","Source":"C:\\Users\\Usuario\\source\\repos\\repo_token\\token.generator\\testtokengenerator\\bin\\Debug\\net6.0\\fine-code-coverage\\build-output\\testtokengenerator.dll","CodeFilePath":null,"LineNumber":0,"Properties":[{"Key":{"Id":"NUnit.Seed","Label":"Seed","Category":"","Description":"","Attributes":0,"ValueType":"System.String"},"Value":"1174760128"}]},"Attachments":[],"Outcome":1,"ErrorMessage":null,"ErrorStackTrace":null,"DisplayName":"TestShouldMapDBCardToResponse","Messages":[],"ComputerName":"DESKTOP-UO9PP7U","Duration":"00:00:00.0054400","StartTime":"2022-09-28T00:42:46.5497643+00:00","EndTime":"2022-09-28T00:42:46.5552028+00:00","Properties":[{"Key":{"Id":"NUnit.Seed","Label":"Seed","Category":"","Description":"","Attributes":0,"ValueType":"System.String"},"Value":"1174760128"}]}],"TestRunStatistics":{"ExecutedTests":10,"Stats":{"Passed":10}},"ActiveTests":[{"Id":"455c744b-fa93-d44f-3f58-aeabc9ed0850","FullyQualifiedName":"TestCardRegister.RepositoryTest.TestRepositoryShouldGetCardById","DisplayName":"TestRepositoryShouldGetCardById","ExecutorUri":"executor://NUnit3TestExecutor","Source":"C:\\Users\\Usuario\\source\\repos\\repo_token\\token.generator\\testtokengenerator\\bin\\Debug\\net6.0\\fine-code-coverage\\build-output\\testtokengenerator.dll","CodeFilePath":null,"LineNumber":0,"Properties":[{"Key":{"Id":"NUnit.Seed","Label":"Seed","Category":"","Description":"","Attributes":0,"ValueType":"System.String"},"Value":"630115678"}]}]}}
TpTrace Verbose: 0 : 10772, 12, 2022/09/27, 21:42:46.577, 18804687695, vstest.console.dll, TestRunRequest:SendTestRunStatsChange: Starting.
TpTrace Verbose: 0 : 10772, 12, 2022/09/27, 21:42:46.577, 18804688638, vstest.console.dll, InProgress is TestRepositoryShouldGetCardById
TpTrace Verbose: 0 : 10772, 12, 2022/09/27, 21:42:46.577, 18804689637, vstest.console.dll, MulticastDelegateUtilities.SafeInvoke: TestRun.RunStatsChanged: Invoking callbacks was skipped because there are no subscribers.
TpTrace Information: 0 : 10772, 12, 2022/09/27, 21:42:46.577, 18804690066, vstest.console.dll, TestRunRequest:SendTestRunStatsChange: Completed.
TpTrace Verbose: 0 : 10772, 12, 2022/09/27, 21:42:46.577, 18804690514, vstest.console.dll, MulticastDelegateUtilities.SafeInvoke: LengthPrefixCommunicationChannel: MessageReceived: Invoking callback 1/1 for Microsoft.VisualStudio.TestPlatform.CommunicationUtilities.TestRequestSender+<>c__DisplayClass31_0.<StartTestRun>b__1, took 2 ms.
TpTrace Verbose: 0 : 10772, 4, 2022/09/27, 21:42:46.577, 18804690478, vstest.console.dll, MulticastDelegateUtilities.SafeInvoke: InternalTestLoggerEvents.SendTestResult: Invoking callback 1/1 for Microsoft.VisualStudio.TestPlatform.CommandLine.Internal.ConsoleLogger.TestResultHandler, took 0 ms.
TpTrace Verbose: 0 : 10772, 12, 2022/09/27, 21:42:46.577, 18804690977, vstest.console.dll, TcpClientExtensions.MessageLoopAsync: Polling on remoteEndPoint: 127.0.0.1:50116 localEndPoint: 127.0.0.1:50115
TpTrace Verbose: 0 : 10772, 4, 2022/09/27, 21:42:46.577, 18804691875, vstest.console.dll, MulticastDelegateUtilities.SafeInvoke: InternalTestLoggerEvents.SendTestResult: Invoking callback 1/1 for Microsoft.VisualStudio.TestPlatform.CommandLine.Internal.ConsoleLogger.TestResultHandler, took 0 ms.
TpTrace Verbose: 0 : 10772, 4, 2022/09/27, 21:42:46.577, 18804692565, vstest.console.dll, MulticastDelegateUtilities.SafeInvoke: InternalTestLoggerEvents.SendTestResult: Invoking callback 1/1 for Microsoft.VisualStudio.TestPlatform.CommandLine.Internal.ConsoleLogger.TestResultHandler, took 0 ms.
TpTrace Verbose: 0 : 10772, 4, 2022/09/27, 21:42:46.577, 18804693271, vstest.console.dll, MulticastDelegateUtilities.SafeInvoke: InternalTestLoggerEvents.SendTestResult: Invoking callback 1/1 for Microsoft.VisualStudio.TestPlatform.CommandLine.Internal.ConsoleLogger.TestResultHandler, took 0 ms.
TpTrace Verbose: 0 : 10772, 4, 2022/09/27, 21:42:46.577, 18804693924, vstest.console.dll, MulticastDelegateUtilities.SafeInvoke: InternalTestLoggerEvents.SendTestResult: Invoking callback 1/1 for Microsoft.VisualStudio.TestPlatform.CommandLine.Internal.ConsoleLogger.TestResultHandler, took 0 ms.
TpTrace Verbose: 0 : 10772, 4, 2022/09/27, 21:42:46.577, 18804694723, vstest.console.dll, MulticastDelegateUtilities.SafeInvoke: InternalTestLoggerEvents.SendTestResult: Invoking callback 1/1 for Microsoft.VisualStudio.TestPlatform.CommandLine.Internal.ConsoleLogger.TestResultHandler, took 0 ms.
TpTrace Verbose: 0 : 10772, 4, 2022/09/27, 21:42:46.578, 18804695459, vstest.console.dll, MulticastDelegateUtilities.SafeInvoke: InternalTestLoggerEvents.SendTestResult: Invoking callback 1/1 for Microsoft.VisualStudio.TestPlatform.CommandLine.Internal.ConsoleLogger.TestResultHandler, took 0 ms.
TpTrace Verbose: 0 : 10772, 4, 2022/09/27, 21:42:46.578, 18804696132, vstest.console.dll, MulticastDelegateUtilities.SafeInvoke: InternalTestLoggerEvents.SendTestResult: Invoking callback 1/1 for Microsoft.VisualStudio.TestPlatform.CommandLine.Internal.ConsoleLogger.TestResultHandler, took 0 ms.
TpTrace Verbose: 0 : 10772, 4, 2022/09/27, 21:42:46.578, 18804696880, vstest.console.dll, MulticastDelegateUtilities.SafeInvoke: InternalTestLoggerEvents.SendTestResult: Invoking callback 1/1 for Microsoft.VisualStudio.TestPlatform.CommandLine.Internal.ConsoleLogger.TestResultHandler, took 0 ms.
TpTrace Verbose: 0 : 10772, 12, 2022/09/27, 21:42:46.606, 18804977666, vstest.console.dll, TcpClientExtensions.MessageLoopAsync: NotifyDataAvailable remoteEndPoint: 127.0.0.1:50116 localEndPoint: 127.0.0.1:50115
TpTrace Verbose: 0 : 10772, 12, 2022/09/27, 21:42:46.609, 18805014401, vstest.console.dll, TestRequestSender.OnExecutionMessageReceived: Received message: {"Version":5,"MessageType":"TestExecution.StatsChange","Payload":{"NewTestResults":[{"TestCase":{"Id":"455c744b-fa93-d44f-3f58-aeabc9ed0850","FullyQualifiedName":"TestCardRegister.RepositoryTest.TestRepositoryShouldGetCardById","DisplayName":"TestRepositoryShouldGetCardById","ExecutorUri":"executor://NUnit3TestExecutor","Source":"C:\\Users\\Usuario\\source\\repos\\repo_token\\token.generator\\testtokengenerator\\bin\\Debug\\net6.0\\fine-code-coverage\\build-output\\testtokengenerator.dll","CodeFilePath":null,"LineNumber":0,"Properties":[{"Key":{"Id":"NUnit.Seed","Label":"Seed","Category":"","Description":"","Attributes":0,"ValueType":"System.String"},"Value":"630115678"}]},"Attachments":[],"Outcome":1,"ErrorMessage":null,"ErrorStackTrace":null,"DisplayName":"TestRepositoryShouldGetCardById","Messages":[],"ComputerName":"DESKTOP-UO9PP7U","Duration":"00:00:00.0020710","StartTime":"2022-09-28T00:42:46.5562187+00:00","EndTime":"2022-09-28T00:42:46.5582898+00:00","Properties":[{"Key":{"Id":"NUnit.Seed","Label":"Seed","Category":"","Description":"","Attributes":0,"ValueType":"System.String"},"Value":"630115678"}]},{"TestCase":{"Id":"4edb9902-65c5-20bf-b072-6310cb4070a6","FullyQualifiedName":"TestCardRegister.RepositoryTest.TestRepositoryShouldGetCardByIdNotFound","DisplayName":"TestRepositoryShouldGetCardByIdNotFound","ExecutorUri":"executor://NUnit3TestExecutor","Source":"C:\\Users\\Usuario\\source\\repos\\repo_token\\token.generator\\testtokengenerator\\bin\\Debug\\net6.0\\fine-code-coverage\\build-output\\testtokengenerator.dll","CodeFilePath":null,"LineNumber":0,"Properties":[{"Key":{"Id":"NUnit.Seed","Label":"Seed","Category":"","Description":"","Attributes":0,"ValueType":"System.String"},"Value":"587910616"}]},"Attachments":[],"Outcome":1,"ErrorMessage":null,"ErrorStackTrace":null,"DisplayName":"TestRepositoryShouldGetCardByIdNotFound","Messages":[],"ComputerName":"DESKTOP-UO9PP7U","Duration":"00:00:00.0069110","StartTime":"2022-09-28T00:42:46.5611277+00:00","EndTime":"2022-09-28T00:42:46.5680394+00:00","Properties":[{"Key":{"Id":"NUnit.Seed","Label":"Seed","Category":"","Description":"","Attributes":0,"ValueType":"System.String"},"Value":"587910616"}]},{"TestCase":{"Id":"8df00697-156f-c184-37cb-aa21c413112e","FullyQualifiedName":"TestCardRegister.RepositoryTest.TestRepositoryShouldListCards","DisplayName":"TestRepositoryShouldListCards","ExecutorUri":"executor://NUnit3TestExecutor","Source":"C:\\Users\\Usuario\\source\\repos\\repo_token\\token.generator\\testtokengenerator\\bin\\Debug\\net6.0\\fine-code-coverage\\build-output\\testtokengenerator.dll","CodeFilePath":null,"LineNumber":0,"Properties":[{"Key":{"Id":"NUnit.Seed","Label":"Seed","Category":"","Description":"","Attributes":0,"ValueType":"System.String"},"Value":"1818764784"}]},"Attachments":[],"Outcome":1,"ErrorMessage":null,"ErrorStackTrace":null,"DisplayName":"TestRepositoryShouldListCards","Messages":[],"ComputerName":"DESKTOP-UO9PP7U","Duration":"00:00:00.0077520","StartTime":"2022-09-28T00:42:46.5684896+00:00","EndTime":"2022-09-28T00:42:46.576242+00:00","Properties":[{"Key":{"Id":"NUnit.Seed","Label":"Seed","Category":"","Description":"","Attributes":0,"ValueType":"System.String"},"Value":"1818764784"}]},{"TestCase":{"Id":"b8a0a070-5fdc-4a14-9a9b-183a6760f029","FullyQualifiedName":"TestCardRegister.RepositoryTest.TestRepositoryShouldSaveCard","DisplayName":"TestRepositoryShouldSaveCard","ExecutorUri":"executor://NUnit3TestExecutor","Source":"C:\\Users\\Usuario\\source\\repos\\repo_token\\token.generator\\testtokengenerator\\bin\\Debug\\net6.0\\fine-code-coverage\\build-output\\testtokengenerator.dll","CodeFilePath":null,"LineNumber":0,"Properties":[{"Key":{"Id":"NUnit.Seed","Label":"Seed","Category":"","Description":"","Attributes":0,"ValueType":"System.String"},"Value":"141484848"}]},"Attachments":[],"Outcome":1,"ErrorMessage":null,"ErrorStackTrace":null,"DisplayName":"TestRepositoryShouldSaveCard","Messages":[],"ComputerName":"DESKTOP-UO9PP7U","Duration":"00:00:00.0012489","StartTime":"2022-09-28T00:42:46.5781639+00:00","EndTime":"2022-09-28T00:42:46.579413+00:00","Properties":[{"Key":{"Id":"NUnit.Seed","Label":"Seed","Category":"","Description":"","Attributes":0,"ValueType":"System.String"},"Value":"141484848"}]},{"TestCase":{"Id":"afa9d9e2-4967-a3f8-47bc-7f76cdf5a007","FullyQualifiedName":"TestCardRegister.RepositoryTest.TestRepositoryShouldSaveCardInvalidCardNumber(0)","DisplayName":"TestRepositoryShouldSaveCardInvalidCardNumber(0)","ExecutorUri":"executor://NUnit3TestExecutor","Source":"C:\\Users\\Usuario\\source\\repos\\repo_token\\token.generator\\testtokengenerator\\bin\\Debug\\net6.0\\fine-code-coverage\\build-output\\testtokengenerator.dll","CodeFilePath":null,"LineNumber":0,"Properties":[{"Key":{"Id":"NUnit.Seed","Label":"Seed","Category":"","Description":"","Attributes":0,"ValueType":"System.String"},"Value":"821461612"}]},"Attachments":[],"Outcome":1,"ErrorMessage":null,"ErrorStackTrace":null,"DisplayName":"TestRepositoryShouldSaveCardInvalidCardNumber(0)","Messages":[],"ComputerName":"DESKTOP-UO9PP7U","Duration":"00:00:00.0014650","StartTime":"2022-09-28T00:42:46.5795821+00:00","EndTime":"2022-09-28T00:42:46.5810466+00:00","Properties":[{"Key":{"Id":"NUnit.Seed","Label":"Seed","Category":"","Description":"","Attributes":0,"ValueType":"System.String"},"Value":"821461612"}]},{"TestCase":{"Id":"be4eee03-8db3-d219-a6a6-38fd4ee1eeba","FullyQualifiedName":"TestCardRegister.RepositoryTest.TestRepositoryShouldSaveCardInvalidCardNumber(123)","DisplayName":"TestRepositoryShouldSaveCardInvalidCardNumber(123)","ExecutorUri":"executor://NUnit3TestExecutor","Source":"C:\\Users\\Usuario\\source\\repos\\repo_token\\token.generator\\testtokengenerator\\bin\\Debug\\net6.0\\fine-code-coverage\\build-output\\testtokengenerator.dll","CodeFilePath":null,"LineNumber":0,"Properties":[{"Key":{"Id":"NUnit.Seed","Label":"Seed","Category":"","Description":"","Attributes":0,"ValueType":"System.String"},"Value":"2056240421"}]},"Attachments":[],"Outcome":1,"ErrorMessage":null,"ErrorStackTrace":null,"DisplayName":"TestRepositoryShouldSaveCardInvalidCardNumber(123)","Messages":[],"ComputerName":"DESKTOP-UO9PP7U","Duration":"00:00:00.0006970","StartTime":"2022-09-28T00:42:46.5812088+00:00","EndTime":"2022-09-28T00:42:46.5819055+00:00","Properties":[{"Key":{"Id":"NUnit.Seed","Label":"Seed","Category":"","Description":"","Attributes":0,"ValueType":"System.String"},"Value":"2056240421"}]},{"TestCase":{"Id":"c684b457-8211-2f5a-4a46-ae0582236a37","FullyQualifiedName":"TestCardRegister.RepositoryTest.TestRepositoryShouldSaveCardInvalidCardNumber(12341234123412341L)","DisplayName":"TestRepositoryShouldSaveCardInvalidCardNumber(12341234123412341L)","ExecutorUri":"executor://NUnit3TestExecutor","Source":"C:\\Users\\Usuario\\source\\repos\\repo_token\\token.generator\\testtokengenerator\\bin\\Debug\\net6.0\\fine-code-coverage\\build-output\\testtokengenerator.dll","CodeFilePath":null,"LineNumber":0,"Properties":[{"Key":{"Id":"NUnit.Seed","Label":"Seed","Category":"","Description":"","Attributes":0,"ValueType":"System.String"},"Value":"308919694"}]},"Attachments":[],"Outcome":1,"ErrorMessage":null,"ErrorStackTrace":null,"DisplayName":"TestRepositoryShouldSaveCardInvalidCardNumber(12341234123412341L)","Messages":[],"ComputerName":"DESKTOP-UO9PP7U","Duration":"00:00:00.0007440","StartTime":"2022-09-28T00:42:46.583478+00:00","EndTime":"2022-09-28T00:42:46.5842221+00:00","Properties":[{"Key":{"Id":"NUnit.Seed","Label":"Seed","Category":"","Description":"","Attributes":0,"ValueType":"System.String"},"Value":"308919694"}]},{"TestCase":{"Id":"227cffaa-df16-0559-d7a9-f430ac43e785","FullyQualifiedName":"TestCardRegister.RepositoryTest.TestRepositoryShouldSaveCardInvalidCVV(123456)","DisplayName":"TestRepositoryShouldSaveCardInvalidCVV(123456)","ExecutorUri":"executor://NUnit3TestExecutor","Source":"C:\\Users\\Usuario\\source\\repos\\repo_token\\token.generator\\testtokengenerator\\bin\\Debug\\net6.0\\fine-code-coverage\\build-output\\testtokengenerator.dll","CodeFilePath":null,"LineNumber":0,"Properties":[{"Key":{"Id":"NUnit.Seed","Label":"Seed","Category":"","Description":"","Attributes":0,"ValueType":"System.String"},"Value":"51689812"}]},"Attachments":[],"Outcome":1,"ErrorMessage":null,"ErrorStackTrace":null,"DisplayName":"TestRepositoryShouldSaveCardInvalidCVV(123456)","Messages":[],"ComputerName":"DESKTOP-UO9PP7U","Duration":"00:00:00.0016130","StartTime":"2022-09-28T00:42:46.5849791+00:00","EndTime":"2022-09-28T00:42:46.5865921+00:00","Properties":[{"Key":{"Id":"NUnit.Seed","Label":"Seed","Category":"","Description":"","Attributes":0,"ValueType":"System.String"},"Value":"51689812"}]},{"TestCase":{"Id":"712d11a6-a877-e953-3d5f-6ccd5a30d290","FullyQualifiedName":"TestCardRegister.TokenServiceTest.TestTokenServiceShouldValidateCustomerInvalid","DisplayName":"TestTokenServiceShouldValidateCustomerInvalid","ExecutorUri":"executor://NUnit3TestExecutor","Source":"C:\\Users\\Usuario\\source\\repos\\repo_token\\token.generator\\testtokengenerator\\bin\\Debug\\net6.0\\fine-code-coverage\\build-output\\testtokengenerator.dll","CodeFilePath":null,"LineNumber":0,"Properties":[{"Key":{"Id":"NUnit.Seed","Label":"Seed","Category":"","Description":"","Attributes":0,"ValueType":"System.String"},"Value":"1770136263"}]},"Attachments":[],"Outcome":1,"ErrorMessage":null,"ErrorStackTrace":null,"DisplayName":"TestTokenServiceShouldValidateCustomerInvalid","Messages":[],"ComputerName":"DESKTOP-UO9PP7U","Duration":"00:00:00.0018570","StartTime":"2022-09-28T00:42:46.5869862+00:00","EndTime":"2022-09-28T00:42:46.5888437+00:00","Properties":[{"Key":{"Id":"NUnit.Seed","Label":"Seed","Category":"","Description":"","Attributes":0,"ValueType":"System.String"},"Value":"1770136263"}]}],"TestRunStatistics":{"ExecutedTests":19,"Stats":{"Passed":19}},"ActiveTests":[{"Id":"d06bb729-3f76-65f5-de13-ca3be0ac9694","FullyQualifiedName":"TestCardRegister.TokenServiceTest.TestTokenServiceShouldValidateExpired","DisplayName":"TestTokenServiceShouldValidateExpired","ExecutorUri":"executor://NUnit3TestExecutor","Source":"C:\\Users\\Usuario\\source\\repos\\repo_token\\token.generator\\testtokengenerator\\bin\\Debug\\net6.0\\fine-code-coverage\\build-output\\testtokengenerator.dll","CodeFilePath":null,"LineNumber":0,"Properties":[{"Key":{"Id":"NUnit.Seed","Label":"Seed","Category":"","Description":"","Attributes":0,"ValueType":"System.String"},"Value":"530467712"}]}]}}
TpTrace Verbose: 0 : 10772, 12, 2022/09/27, 21:42:46.611, 18805034172, vstest.console.dll, TestRunRequest:SendTestRunStatsChange: Starting.
TpTrace Verbose: 0 : 10772, 12, 2022/09/27, 21:42:46.612, 18805035168, vstest.console.dll, InProgress is TestTokenServiceShouldValidateExpired
TpTrace Verbose: 0 : 10772, 12, 2022/09/27, 21:42:46.612, 18805036068, vstest.console.dll, MulticastDelegateUtilities.SafeInvoke: TestRun.RunStatsChanged: Invoking callbacks was skipped because there are no subscribers.
TpTrace Information: 0 : 10772, 12, 2022/09/27, 21:42:46.612, 18805036713, vstest.console.dll, TestRunRequest:SendTestRunStatsChange: Completed.
TpTrace Verbose: 0 : 10772, 4, 2022/09/27, 21:42:46.612, 18805036711, vstest.console.dll, MulticastDelegateUtilities.SafeInvoke: InternalTestLoggerEvents.SendTestResult: Invoking callback 1/1 for Microsoft.VisualStudio.TestPlatform.CommandLine.Internal.ConsoleLogger.TestResultHandler, took 0 ms.
TpTrace Verbose: 0 : 10772, 12, 2022/09/27, 21:42:46.612, 18805037379, vstest.console.dll, MulticastDelegateUtilities.SafeInvoke: LengthPrefixCommunicationChannel: MessageReceived: Invoking callback 1/1 for Microsoft.VisualStudio.TestPlatform.CommunicationUtilities.TestRequestSender+<>c__DisplayClass31_0.<StartTestRun>b__1, took 2 ms.
TpTrace Verbose: 0 : 10772, 4, 2022/09/27, 21:42:46.612, 18805038463, vstest.console.dll, MulticastDelegateUtilities.SafeInvoke: InternalTestLoggerEvents.SendTestResult: Invoking callback 1/1 for Microsoft.VisualStudio.TestPlatform.CommandLine.Internal.ConsoleLogger.TestResultHandler, took 0 ms.
TpTrace Verbose: 0 : 10772, 12, 2022/09/27, 21:42:46.612, 18805038745, vstest.console.dll, TcpClientExtensions.MessageLoopAsync: Polling on remoteEndPoint: 127.0.0.1:50116 localEndPoint: 127.0.0.1:50115
TpTrace Verbose: 0 : 10772, 4, 2022/09/27, 21:42:46.612, 18805039578, vstest.console.dll, MulticastDelegateUtilities.SafeInvoke: InternalTestLoggerEvents.SendTestResult: Invoking callback 1/1 for Microsoft.VisualStudio.TestPlatform.CommandLine.Internal.ConsoleLogger.TestResultHandler, took 0 ms.
TpTrace Verbose: 0 : 10772, 4, 2022/09/27, 21:42:46.612, 18805040763, vstest.console.dll, MulticastDelegateUtilities.SafeInvoke: InternalTestLoggerEvents.SendTestResult: Invoking callback 1/1 for Microsoft.VisualStudio.TestPlatform.CommandLine.Internal.ConsoleLogger.TestResultHandler, took 0 ms.
TpTrace Verbose: 0 : 10772, 4, 2022/09/27, 21:42:46.612, 18805041517, vstest.console.dll, MulticastDelegateUtilities.SafeInvoke: InternalTestLoggerEvents.SendTestResult: Invoking callback 1/1 for Microsoft.VisualStudio.TestPlatform.CommandLine.Internal.ConsoleLogger.TestResultHandler, took 0 ms.
TpTrace Verbose: 0 : 10772, 4, 2022/09/27, 21:42:46.615, 18805071342, vstest.console.dll, MulticastDelegateUtilities.SafeInvoke: InternalTestLoggerEvents.SendTestResult: Invoking callback 1/1 for Microsoft.VisualStudio.TestPlatform.CommandLine.Internal.ConsoleLogger.TestResultHandler, took 2 ms.
TpTrace Verbose: 0 : 10772, 4, 2022/09/27, 21:42:46.615, 18805072906, vstest.console.dll, MulticastDelegateUtilities.SafeInvoke: InternalTestLoggerEvents.SendTestResult: Invoking callback 1/1 for Microsoft.VisualStudio.TestPlatform.CommandLine.Internal.ConsoleLogger.TestResultHandler, took 0 ms.
TpTrace Verbose: 0 : 10772, 4, 2022/09/27, 21:42:46.615, 18805073903, vstest.console.dll, MulticastDelegateUtilities.SafeInvoke: InternalTestLoggerEvents.SendTestResult: Invoking callback 1/1 for Microsoft.VisualStudio.TestPlatform.CommandLine.Internal.ConsoleLogger.TestResultHandler, took 0 ms.
TpTrace Verbose: 0 : 10772, 4, 2022/09/27, 21:42:46.615, 18805074637, vstest.console.dll, MulticastDelegateUtilities.SafeInvoke: InternalTestLoggerEvents.SendTestResult: Invoking callback 1/1 for Microsoft.VisualStudio.TestPlatform.CommandLine.Internal.ConsoleLogger.TestResultHandler, took 0 ms.
TpTrace Verbose: 0 : 10772, 12, 2022/09/27, 21:42:46.633, 18805248450, vstest.console.dll, TcpClientExtensions.MessageLoopAsync: NotifyDataAvailable remoteEndPoint: 127.0.0.1:50116 localEndPoint: 127.0.0.1:50115
TpTrace Verbose: 0 : 10772, 12, 2022/09/27, 21:42:46.633, 18805251766, vstest.console.dll, TestRequestSender.OnExecutionMessageReceived: Received message: {"Version":5,"MessageType":"TestExecution.StatsChange","Payload":{"NewTestResults":[{"TestCase":{"Id":"d06bb729-3f76-65f5-de13-ca3be0ac9694","FullyQualifiedName":"TestCardRegister.TokenServiceTest.TestTokenServiceShouldValidateExpired","DisplayName":"TestTokenServiceShouldValidateExpired","ExecutorUri":"executor://NUnit3TestExecutor","Source":"C:\\Users\\Usuario\\source\\repos\\repo_token\\token.generator\\testtokengenerator\\bin\\Debug\\net6.0\\fine-code-coverage\\build-output\\testtokengenerator.dll","CodeFilePath":null,"LineNumber":0,"Properties":[{"Key":{"Id":"NUnit.Seed","Label":"Seed","Category":"","Description":"","Attributes":0,"ValueType":"System.String"},"Value":"530467712"}]},"Attachments":[],"Outcome":1,"ErrorMessage":null,"ErrorStackTrace":null,"DisplayName":"TestTokenServiceShouldValidateExpired","Messages":[],"ComputerName":"DESKTOP-UO9PP7U","Duration":"00:00:00.0010630","StartTime":"2022-09-28T00:42:46.5888678+00:00","EndTime":"2022-09-28T00:42:46.5899306+00:00","Properties":[{"Key":{"Id":"NUnit.Seed","Label":"Seed","Category":"","Description":"","Attributes":0,"ValueType":"System.String"},"Value":"530467712"}]},{"TestCase":{"Id":"1faca65b-9afe-9eed-2f51-b188182d3a29","FullyQualifiedName":"TestCardRegister.TokenServiceTest.TestTokenServiceShouldValidateInvalidCVV","DisplayName":"TestTokenServiceShouldValidateInvalidCVV","ExecutorUri":"executor://NUnit3TestExecutor","Source":"C:\\Users\\Usuario\\source\\repos\\repo_token\\token.generator\\testtokengenerator\\bin\\Debug\\net6.0\\fine-code-coverage\\build-output\\testtokengenerator.dll","CodeFilePath":null,"LineNumber":0,"Properties":[{"Key":{"Id":"NUnit.Seed","Label":"Seed","Category":"","Description":"","Attributes":0,"ValueType":"System.String"},"Value":"2005057835"}]},"Attachments":[],"Outcome":1,"ErrorMessage":null,"ErrorStackTrace":null,"DisplayName":"TestTokenServiceShouldValidateInvalidCVV","Messages":[],"ComputerName":"DESKTOP-UO9PP7U","Duration":"00:00:00.0011300","StartTime":"2022-09-28T00:42:46.5899513+00:00","EndTime":"2022-09-28T00:42:46.5910807+00:00","Properties":[{"Key":{"Id":"NUnit.Seed","Label":"Seed","Category":"","Description":"","Attributes":0,"ValueType":"System.String"},"Value":"2005057835"}]},{"TestCase":{"Id":"1c843b36-02d7-9653-c72c-71a9b63ff53b","FullyQualifiedName":"TestCardRegister.TokenServiceTest.TestTokenServiceShouldValidateInvalidToken","DisplayName":"TestTokenServiceShouldValidateInvalidToken","ExecutorUri":"executor://NUnit3TestExecutor","Source":"C:\\Users\\Usuario\\source\\repos\\repo_token\\token.generator\\testtokengenerator\\bin\\Debug\\net6.0\\fine-code-coverage\\build-output\\testtokengenerator.dll","CodeFilePath":null,"LineNumber":0,"Properties":[{"Key":{"Id":"NUnit.Seed","Label":"Seed","Category":"","Description":"","Attributes":0,"ValueType":"System.String"},"Value":"1715010605"}]},"Attachments":[],"Outcome":1,"ErrorMessage":null,"ErrorStackTrace":null,"DisplayName":"TestTokenServiceShouldValidateInvalidToken","Messages":[],"ComputerName":"DESKTOP-UO9PP7U","Duration":"00:00:00.0008910","StartTime":"2022-09-28T00:42:46.5911108+00:00","EndTime":"2022-09-28T00:42:46.5920017+00:00","Properties":[{"Key":{"Id":"NUnit.Seed","Label":"Seed","Category":"","Description":"","Attributes":0,"ValueType":"System.String"},"Value":"1715010605"}]},{"TestCase":{"Id":"9a15db52-ac9b-1517-1603-bf33ab8c36b5","FullyQualifiedName":"TestCardRegister.TokenServiceTest.TestTokenServiceShouldValidateSuccessfully","DisplayName":"TestTokenServiceShouldValidateSuccessfully","ExecutorUri":"executor://NUnit3TestExecutor","Source":"C:\\Users\\Usuario\\source\\repos\\repo_token\\token.generator\\testtokengenerator\\bin\\Debug\\net6.0\\fine-code-coverage\\build-output\\testtokengenerator.dll","CodeFilePath":null,"LineNumber":0,"Properties":[{"Key":{"Id":"NUnit.Seed","Label":"Seed","Category":"","Description":"","Attributes":0,"ValueType":"System.String"},"Value":"1273389363"}]},"Attachments":[],"Outcome":1,"ErrorMessage":null,"ErrorStackTrace":null,"DisplayName":"TestTokenServiceShouldValidateSuccessfully","Messages":[],"ComputerName":"DESKTOP-UO9PP7U","Duration":"00:00:00.0040090","StartTime":"2022-09-28T00:42:46.5920291+00:00","EndTime":"2022-09-28T00:42:46.5960375+00:00","Properties":[{"Key":{"Id":"NUnit.Seed","Label":"Seed","Category":"","Description":"","Attributes":0,"ValueType":"System.String"},"Value":"1273389363"}]},{"TestCase":{"Id":"e7a7a171-10fc-320c-4785-c76586f83128","FullyQualifiedName":"TestCardRegister.TokenServiceTest.TestTokenServiceShouldValidateValidToken","DisplayName":"TestTokenServiceShouldValidateValidToken","ExecutorUri":"executor://NUnit3TestExecutor","Source":"C:\\Users\\Usuario\\source\\repos\\repo_token\\token.generator\\testtokengenerator\\bin\\Debug\\net6.0\\fine-code-coverage\\build-output\\testtokengenerator.dll","CodeFilePath":null,"LineNumber":0,"Properties":[{"Key":{"Id":"NUnit.Seed","Label":"Seed","Category":"","Description":"","Attributes":0,"ValueType":"System.String"},"Value":"203739406"}]},"Attachments":[],"Outcome":1,"ErrorMessage":null,"ErrorStackTrace":null,"DisplayName":"TestTokenServiceShouldValidateValidToken","Messages":[],"ComputerName":"DESKTOP-UO9PP7U","Duration":"00:00:00.0006570","StartTime":"2022-09-28T00:42:46.596058+00:00","EndTime":"2022-09-28T00:42:46.5967149+00:00","Properties":[{"Key":{"Id":"NUnit.Seed","Label":"Seed","Category":"","Description":"","Attributes":0,"ValueType":"System.String"},"Value":"203739406"}]},{"TestCase":{"Id":"3a5ddb3c-6eb4-ad46-69f9-5b12f9c81a3f","FullyQualifiedName":"TestCardRegister.TokenTest.TestShouldGenerateTokenInvalidCardNumber(0)","DisplayName":"TestShouldGenerateTokenInvalidCardNumber(0)","ExecutorUri":"executor://NUnit3TestExecutor","Source":"C:\\Users\\Usuario\\source\\repos\\repo_token\\token.generator\\testtokengenerator\\bin\\Debug\\net6.0\\fine-code-coverage\\build-output\\testtokengenerator.dll","CodeFilePath":null,"LineNumber":0,"Properties":[{"Key":{"Id":"NUnit.Seed","Label":"Seed","Category":"","Description":"","Attributes":0,"ValueType":"System.String"},"Value":"1196081982"}]},"Attachments":[],"Outcome":1,"ErrorMessage":null,"ErrorStackTrace":null,"DisplayName":"TestShouldGenerateTokenInvalidCardNumber(0)","Messages":[],"ComputerName":"DESKTOP-UO9PP7U","Duration":"00:00:00.0004760","StartTime":"2022-09-28T00:42:46.5969577+00:00","EndTime":"2022-09-28T00:42:46.5974336+00:00","Properties":[{"Key":{"Id":"NUnit.Seed","Label":"Seed","Category":"","Description":"","Attributes":0,"ValueType":"System.String"},"Value":"1196081982"}]},{"TestCase":{"Id":"e58f6ff4-8bd5-6978-55d5-ee16bbbe2fa2","FullyQualifiedName":"TestCardRegister.TokenTest.TestShouldGenerateTokenInvalidCardNumber(123)","DisplayName":"TestShouldGenerateTokenInvalidCardNumber(123)","ExecutorUri":"executor://NUnit3TestExecutor","Source":"C:\\Users\\Usuario\\source\\repos\\repo_token\\token.generator\\testtokengenerator\\bin\\Debug\\net6.0\\fine-code-coverage\\build-output\\testtokengenerator.dll","CodeFilePath":null,"LineNumber":0,"Properties":[{"Key":{"Id":"NUnit.Seed","Label":"Seed","Category":"","Description":"","Attributes":0,"ValueType":"System.String"},"Value":"1916763797"}]},"Attachments":[],"Outcome":1,"ErrorMessage":null,"ErrorStackTrace":null,"DisplayName":"TestShouldGenerateTokenInvalidCardNumber(123)","Messages":[],"ComputerName":"DESKTOP-UO9PP7U","Duration":"00:00:00.0000850","StartTime":"2022-09-28T00:42:46.5974498+00:00","EndTime":"2022-09-28T00:42:46.5975345+00:00","Properties":[{"Key":{"Id":"NUnit.Seed","Label":"Seed","Category":"","Description":"","Attributes":0,"ValueType":"System.String"},"Value":"1916763797"}]},{"TestCase":{"Id":"f20d0bc5-208c-f153-88a7-e829d51e6a3a","FullyQualifiedName":"TestCardRegister.TokenTest.TestShouldGenerateTokenInvalidCVV(0)","DisplayName":"TestShouldGenerateTokenInvalidCVV(0)","ExecutorUri":"executor://NUnit3TestExecutor","Source":"C:\\Users\\Usuario\\source\\repos\\repo_token\\token.generator\\testtokengenerator\\bin\\Debug\\net6.0\\fine-code-coverage\\build-output\\testtokengenerator.dll","CodeFilePath":null,"LineNumber":0,"Properties":[{"Key":{"Id":"NUnit.Seed","Label":"Seed","Category":"","Description":"","Attributes":0,"ValueType":"System.String"},"Value":"755164936"}]},"Attachments":[],"Outcome":1,"ErrorMessage":null,"ErrorStackTrace":null,"DisplayName":"TestShouldGenerateTokenInvalidCVV(0)","Messages":[],"ComputerName":"DESKTOP-UO9PP7U","Duration":"00:00:00.0001430","StartTime":"2022-09-28T00:42:46.5975671+00:00","EndTime":"2022-09-28T00:42:46.5977101+00:00","Properties":[{"Key":{"Id":"NUnit.Seed","Label":"Seed","Category":"","Description":"","Attributes":0,"ValueType":"System.String"},"Value":"755164936"}]},{"TestCase":{"Id":"9835ff0b-271e-ea81-dba2-b09a3fb71989","FullyQualifiedName":"TestCardRegister.TokenTest.TestShouldGenerateTokenMod0","DisplayName":"TestShouldGenerateTokenMod0","ExecutorUri":"executor://NUnit3TestExecutor","Source":"C:\\Users\\Usuario\\source\\repos\\repo_token\\token.generator\\testtokengenerator\\bin\\Debug\\net6.0\\fine-code-coverage\\build-output\\testtokengenerator.dll","CodeFilePath":null,"LineNumber":0,"Properties":[{"Key":{"Id":"NUnit.Seed","Label":"Seed","Category":"","Description":"","Attributes":0,"ValueType":"System.String"},"Value":"1558482737"}]},"Attachments":[],"Outcome":1,"ErrorMessage":null,"ErrorStackTrace":null,"DisplayName":"TestShouldGenerateTokenMod0","Messages":[],"ComputerName":"DESKTOP-UO9PP7U","Duration":"00:00:00.0006600","StartTime":"2022-09-28T00:42:46.5977297+00:00","EndTime":"2022-09-28T00:42:46.5983883+00:00","Properties":[{"Key":{"Id":"NUnit.Seed","Label":"Seed","Category":"","Description":"","Attributes":0,"ValueType":"System.String"},"Value":"1558482737"}]}],"TestRunStatistics":{"ExecutedTests":28,"Stats":{"Passed":28}},"ActiveTests":[{"Id":"c53c5a09-3cf8-bb9a-bdbe-2aca6b117334","FullyQualifiedName":"TestCardRegister.TokenTest.TestShouldGenerateTokenMod1","DisplayName":"TestShouldGenerateTokenMod1","ExecutorUri":"executor://NUnit3TestExecutor","Source":"C:\\Users\\Usuario\\source\\repos\\repo_token\\token.generator\\testtokengenerator\\bin\\Debug\\net6.0\\fine-code-coverage\\build-output\\testtokengenerator.dll","CodeFilePath":null,"LineNumber":0,"Properties":[{"Key":{"Id":"NUnit.Seed","Label":"Seed","Category":"","Description":"","Attributes":0,"ValueType":"System.String"},"Value":"2089128476"}]}]}}
TpTrace Verbose: 0 : 10772, 12, 2022/09/27, 21:42:46.636, 18805275900, vstest.console.dll, TestRunRequest:SendTestRunStatsChange: Starting.
TpTrace Verbose: 0 : 10772, 12, 2022/09/27, 21:42:46.636, 18805276845, vstest.console.dll, InProgress is TestShouldGenerateTokenMod1
TpTrace Verbose: 0 : 10772, 12, 2022/09/27, 21:42:46.636, 18805277733, vstest.console.dll, MulticastDelegateUtilities.SafeInvoke: TestRun.RunStatsChanged: Invoking callbacks was skipped because there are no subscribers.
TpTrace Verbose: 0 : 10772, 4, 2022/09/27, 21:42:46.636, 18805278213, vstest.console.dll, MulticastDelegateUtilities.SafeInvoke: InternalTestLoggerEvents.SendTestResult: Invoking callback 1/1 for Microsoft.VisualStudio.TestPlatform.CommandLine.Internal.ConsoleLogger.TestResultHandler, took 0 ms.
TpTrace Information: 0 : 10772, 12, 2022/09/27, 21:42:46.636, 18805278408, vstest.console.dll, TestRunRequest:SendTestRunStatsChange: Completed.
TpTrace Verbose: 0 : 10772, 4, 2022/09/27, 21:42:46.636, 18805279213, vstest.console.dll, MulticastDelegateUtilities.SafeInvoke: InternalTestLoggerEvents.SendTestResult: Invoking callback 1/1 for Microsoft.VisualStudio.TestPlatform.CommandLine.Internal.ConsoleLogger.TestResultHandler, took 0 ms.
TpTrace Verbose: 0 : 10772, 12, 2022/09/27, 21:42:46.636, 18805279669, vstest.console.dll, MulticastDelegateUtilities.SafeInvoke: LengthPrefixCommunicationChannel: MessageReceived: Invoking callback 1/1 for Microsoft.VisualStudio.TestPlatform.CommunicationUtilities.TestRequestSender+<>c__DisplayClass31_0.<StartTestRun>b__1, took 2 ms.
TpTrace Verbose: 0 : 10772, 4, 2022/09/27, 21:42:46.636, 18805280393, vstest.console.dll, MulticastDelegateUtilities.SafeInvoke: InternalTestLoggerEvents.SendTestResult: Invoking callback 1/1 for Microsoft.VisualStudio.TestPlatform.CommandLine.Internal.ConsoleLogger.TestResultHandler, took 0 ms.
TpTrace Verbose: 0 : 10772, 12, 2022/09/27, 21:42:46.636, 18805281106, vstest.console.dll, TcpClientExtensions.MessageLoopAsync: Polling on remoteEndPoint: 127.0.0.1:50116 localEndPoint: 127.0.0.1:50115
TpTrace Verbose: 0 : 10772, 4, 2022/09/27, 21:42:46.636, 18805281297, vstest.console.dll, MulticastDelegateUtilities.SafeInvoke: InternalTestLoggerEvents.SendTestResult: Invoking callback 1/1 for Microsoft.VisualStudio.TestPlatform.CommandLine.Internal.ConsoleLogger.TestResultHandler, took 0 ms.
TpTrace Verbose: 0 : 10772, 4, 2022/09/27, 21:42:46.636, 18805282516, vstest.console.dll, MulticastDelegateUtilities.SafeInvoke: InternalTestLoggerEvents.SendTestResult: Invoking callback 1/1 for Microsoft.VisualStudio.TestPlatform.CommandLine.Internal.ConsoleLogger.TestResultHandler, took 0 ms.
TpTrace Verbose: 0 : 10772, 4, 2022/09/27, 21:42:46.636, 18805283566, vstest.console.dll, MulticastDelegateUtilities.SafeInvoke: InternalTestLoggerEvents.SendTestResult: Invoking callback 1/1 for Microsoft.VisualStudio.TestPlatform.CommandLine.Internal.ConsoleLogger.TestResultHandler, took 0 ms.
TpTrace Verbose: 0 : 10772, 4, 2022/09/27, 21:42:46.636, 18805284393, vstest.console.dll, MulticastDelegateUtilities.SafeInvoke: InternalTestLoggerEvents.SendTestResult: Invoking callback 1/1 for Microsoft.VisualStudio.TestPlatform.CommandLine.Internal.ConsoleLogger.TestResultHandler, took 0 ms.
TpTrace Verbose: 0 : 10772, 4, 2022/09/27, 21:42:46.637, 18805285099, vstest.console.dll, MulticastDelegateUtilities.SafeInvoke: InternalTestLoggerEvents.SendTestResult: Invoking callback 1/1 for Microsoft.VisualStudio.TestPlatform.CommandLine.Internal.ConsoleLogger.TestResultHandler, took 0 ms.
TpTrace Verbose: 0 : 10772, 4, 2022/09/27, 21:42:46.637, 18805285726, vstest.console.dll, MulticastDelegateUtilities.SafeInvoke: InternalTestLoggerEvents.SendTestResult: Invoking callback 1/1 for Microsoft.VisualStudio.TestPlatform.CommandLine.Internal.ConsoleLogger.TestResultHandler, took 0 ms.
TpTrace Verbose: 0 : 10772, 12, 2022/09/27, 21:42:46.646, 18805380542, vstest.console.dll, TcpClientExtensions.MessageLoopAsync: NotifyDataAvailable remoteEndPoint: 127.0.0.1:50116 localEndPoint: 127.0.0.1:50115
TpTrace Verbose: 0 : 10772, 12, 2022/09/27, 21:42:46.646, 18805381693, vstest.console.dll, TestRequestSender.OnExecutionMessageReceived: Received message: {"Version":5,"MessageType":"TestSession.Message","Payload":{"MessageLevel":0,"Message":"NUnit Adapter 4.0.0.0: Test execution complete"}}
TpTrace Verbose: 0 : 10772, 12, 2022/09/27, 21:42:46.646, 18805382664, vstest.console.dll, TestRunRequest:SendTestRunMessage: Starting.
TpTrace Verbose: 0 : 10772, 12, 2022/09/27, 21:42:46.646, 18805383348, vstest.console.dll, MulticastDelegateUtilities.SafeInvoke: TestRun.LogMessages: Invoking callback 1/1 for Microsoft.VisualStudio.TestPlatform.CommandLine.TestRunResultAggregator.TestRunMessageHandler, took 0 ms.
TpTrace Verbose: 0 : 10772, 4, 2022/09/27, 21:42:46.646, 18805383374, vstest.console.dll, MulticastDelegateUtilities.SafeInvoke: InternalTestLoggerEvents.SendTestRunMessage: Invoking callback 1/1 for Microsoft.VisualStudio.TestPlatform.CommandLine.Internal.ConsoleLogger.TestMessageHandler, took 0 ms.
TpTrace Information: 0 : 10772, 12, 2022/09/27, 21:42:46.646, 18805383915, vstest.console.dll, TestRunRequest:SendTestRunMessage: Completed.
TpTrace Verbose: 0 : 10772, 12, 2022/09/27, 21:42:46.646, 18805384871, vstest.console.dll, MulticastDelegateUtilities.SafeInvoke: LengthPrefixCommunicationChannel: MessageReceived: Invoking callback 1/1 for Microsoft.VisualStudio.TestPlatform.CommunicationUtilities.TestRequestSender+<>c__DisplayClass31_0.<StartTestRun>b__1, took 0 ms.
TpTrace Verbose: 0 : 10772, 12, 2022/09/27, 21:42:46.647, 18805385184, vstest.console.dll, TcpClientExtensions.MessageLoopAsync: Polling on remoteEndPoint: 127.0.0.1:50116 localEndPoint: 127.0.0.1:50115
TpTrace Verbose: 0 : 10772, 12, 2022/09/27, 21:42:46.669, 18805607442, vstest.console.dll, TcpClientExtensions.MessageLoopAsync: NotifyDataAvailable remoteEndPoint: 127.0.0.1:50116 localEndPoint: 127.0.0.1:50115
TpTrace Verbose: 0 : 10772, 12, 2022/09/27, 21:42:46.669, 18805609199, vstest.console.dll, TestRequestSender.OnExecutionMessageReceived: Received message: {"Version":5,"MessageType":"TestExecution.Completed","Payload":{"TestRunCompleteArgs":{"TestRunStatistics":{"ExecutedTests":31,"Stats":{"Passed":31}},"IsCanceled":false,"IsAborted":false,"Error":null,"AttachmentSets":[],"ElapsedTimeInRunningTests":"00:00:01.6893677","Metrics":{}},"LastRunTests":{"NewTestResults":[{"TestCase":{"Id":"c53c5a09-3cf8-bb9a-bdbe-2aca6b117334","FullyQualifiedName":"TestCardRegister.TokenTest.TestShouldGenerateTokenMod1","DisplayName":"TestShouldGenerateTokenMod1","ExecutorUri":"executor://NUnit3TestExecutor","Source":"C:\\Users\\Usuario\\source\\repos\\repo_token\\token.generator\\testtokengenerator\\bin\\Debug\\net6.0\\fine-code-coverage\\build-output\\testtokengenerator.dll","CodeFilePath":null,"LineNumber":0,"Properties":[{"Key":{"Id":"NUnit.Seed","Label":"Seed","Category":"","Description":"","Attributes":0,"ValueType":"System.String"},"Value":"2089128476"}]},"Attachments":[],"Outcome":1,"ErrorMessage":null,"ErrorStackTrace":null,"DisplayName":"TestShouldGenerateTokenMod1","Messages":[],"ComputerName":"DESKTOP-UO9PP7U","Duration":"00:00:00.0003900","StartTime":"2022-09-28T00:42:46.5988724+00:00","EndTime":"2022-09-28T00:42:46.5992629+00:00","Properties":[{"Key":{"Id":"NUnit.Seed","Label":"Seed","Category":"","Description":"","Attributes":0,"ValueType":"System.String"},"Value":"2089128476"}]},{"TestCase":{"Id":"0a36d3c1-42c5-6b3c-6f3a-0c95ba4e863e","FullyQualifiedName":"TestCardRegister.TokenTest.TestShouldGenerateTokenMod2","DisplayName":"TestShouldGenerateTokenMod2","ExecutorUri":"executor://NUnit3TestExecutor","Source":"C:\\Users\\Usuario\\source\\repos\\repo_token\\token.generator\\testtokengenerator\\bin\\Debug\\net6.0\\fine-code-coverage\\build-output\\testtokengenerator.dll","CodeFilePath":null,"LineNumber":0,"Properties":[{"Key":{"Id":"NUnit.Seed","Label":"Seed","Category":"","Description":"","Attributes":0,"ValueType":"System.String"},"Value":"1709389229"}]},"Attachments":[],"Outcome":1,"ErrorMessage":null,"ErrorStackTrace":null,"DisplayName":"TestShouldGenerateTokenMod2","Messages":[],"ComputerName":"DESKTOP-UO9PP7U","Duration":"00:00:00.0003530","StartTime":"2022-09-28T00:42:46.5992902+00:00","EndTime":"2022-09-28T00:42:46.5996428+00:00","Properties":[{"Key":{"Id":"NUnit.Seed","Label":"Seed","Category":"","Description":"","Attributes":0,"ValueType":"System.String"},"Value":"1709389229"}]},{"TestCase":{"Id":"43f3233c-4890-9f8a-055f-2a0c66688dce","FullyQualifiedName":"TestCardRegister.TokenTest.TestShouldGenerateTokenMod3","DisplayName":"TestShouldGenerateTokenMod3","ExecutorUri":"executor://NUnit3TestExecutor","Source":"C:\\Users\\Usuario\\source\\repos\\repo_token\\token.generator\\testtokengenerator\\bin\\Debug\\net6.0\\fine-code-coverage\\build-output\\testtokengenerator.dll","CodeFilePath":null,"LineNumber":0,"Properties":[{"Key":{"Id":"NUnit.Seed","Label":"Seed","Category":"","Description":"","Attributes":0,"ValueType":"System.String"},"Value":"1887795477"}]},"Attachments":[],"Outcome":1,"ErrorMessage":null,"ErrorStackTrace":null,"DisplayName":"TestShouldGenerateTokenMod3","Messages":[],"ComputerName":"DESKTOP-UO9PP7U","Duration":"00:00:00.0004350","StartTime":"2022-09-28T00:42:46.599707+00:00","EndTime":"2022-09-28T00:42:46.6001421+00:00","Properties":[{"Key":{"Id":"NUnit.Seed","Label":"Seed","Category":"","Description":"","Attributes":0,"ValueType":"System.String"},"Value":"1887795477"}]}],"TestRunStatistics":{"ExecutedTests":31,"Stats":{"Passed":31}},"ActiveTests":[]},"RunAttachments":[],"ExecutorUris":["executor://nunit3testexecutor/"]}}
TpTrace Verbose: 0 : 10772, 12, 2022/09/27, 21:42:46.669, 18805610180, vstest.console.dll, TestRequestSender.EndSession: Sending end session.
TpTrace Verbose: 0 : 10772, 12, 2022/09/27, 21:42:46.669, 18805611967, vstest.console.dll, ProxyOperationManager.Close: waiting for test host to exit for 100 ms
TpTrace Warning: 0 : 10772, 10, 2022/09/27, 21:42:46.691, 18805834164, vstest.console.dll, TestHostManagerCallbacks.ErrorReceivedCallback Test host standard error line: 
TpTrace Verbose: 0 : 10772, 10, 2022/09/27, 21:42:46.701, 18805929930, vstest.console.dll, TestHostProvider.ExitCallBack: Host exited starting callback.
TpTrace Information: 0 : 10772, 10, 2022/09/27, 21:42:46.701, 18805934359, vstest.console.dll, TestHostManagerCallbacks.ExitCallBack: Testhost processId: 15480 exited with exitcode: 0 error: ''
TpTrace Verbose: 0 : 10772, 10, 2022/09/27, 21:42:46.701, 18805934916, vstest.console.dll, DotnetTestHostManager.OnHostExited: invoking OnHostExited callback
TpTrace Verbose: 0 : 10772, 10, 2022/09/27, 21:42:46.702, 18805935472, vstest.console.dll, CrossPlatEngine.TestHostManagerHostExited: calling on client process exit callback.
TpTrace Information: 0 : 10772, 10, 2022/09/27, 21:42:46.702, 18805936012, vstest.console.dll, TestRequestSender.OnClientProcessExit: Test host process exited. Standard error: 
TpTrace Information: 0 : 10772, 12, 2022/09/27, 21:42:46.702, 18805936285, vstest.console.dll, SocketServer.Stop: Stop server endPoint: 127.0.0.1:50115
TpTrace Information: 0 : 10772, 10, 2022/09/27, 21:42:46.702, 18805937050, vstest.console.dll, SocketServer.Stop: Stop server endPoint: 127.0.0.1:50115
TpTrace Information: 0 : 10772, 12, 2022/09/27, 21:42:46.702, 18805937566, vstest.console.dll, SocketServer.Stop: Cancellation requested. Stopping message loop.
TpTrace Information: 0 : 10772, 10, 2022/09/27, 21:42:46.702, 18805937991, vstest.console.dll, SocketServer.Stop: Cancellation requested. Stopping message loop.
TpTrace Verbose: 0 : 10772, 10, 2022/09/27, 21:42:46.702, 18805938908, vstest.console.dll, MulticastDelegateUtilities.SafeInvoke: HostProviderEvents.OnHostExited: Invoking callback 1/1 for Microsoft.VisualStudio.TestPlatform.CrossPlatEngine.Client.ProxyOperationManager.TestHostManagerHostExited, took 0 ms.
TpTrace Information: 0 : 10772, 12, 2022/09/27, 21:42:46.702, 18805939129, vstest.console.dll, Closing the connection
TpTrace Verbose: 0 : 10772, 12, 2022/09/27, 21:42:46.702, 18805941690, vstest.console.dll, ProxyDataCollectionManager.InvokeDataCollectionServiceAction: Starting.
TpTrace Information: 0 : 10772, 12, 2022/09/27, 21:42:46.702, 18805942146, vstest.console.dll, ProxyDataCollectionManager.AfterTestRunEnd: Get attachment set and invoked data collectors processId: 10652 port: 50112
TpTrace Verbose: 0 : 10772, 12, 2022/09/27, 21:42:46.702, 18805942586, vstest.console.dll, DataCollectionRequestSender.SendAfterTestRunStartAndGetResult: Send AfterTestRunEnd message with isCancelled: False
TpTrace Verbose: 0 : 10772, 12, 2022/09/27, 21:42:46.709, 18806007257, vstest.console.dll, DataCollectionRequestSender.SendAfterTestRunStartAndGetResult: Received message: (DataCollection.AfterTestRunEndResult) -> {"MessageType":"DataCollection.AfterTestRunEndResult","Payload":{"AttachmentSets":[],"InvokedDataCollectors":[{"Uri":"datacollector://Microsoft/TestPlatform/Extensions/Blame/v1","FriendlyName":"Blame","AssemblyQualifiedName":"Microsoft.TestPlatform.Extensions.BlameDataCollector.BlameCollector, Microsoft.TestPlatform.Extensions.BlameDataCollector, Version=15.0.0.0, Culture=neutral, PublicKeyToken=b03f5f7f11d50a3a","FilePath":"C:\\Program Files\\dotnet\\sdk\\6.0.401\\Extensions\\Microsoft.TestPlatform.Extensions.BlameDataCollector.dll","HasAttachmentProcessor":false}],"Metrics":{}}}
TpTrace Information: 0 : 10772, 12, 2022/09/27, 21:42:46.714, 18806064562, vstest.console.dll, ProxyDataCollectionManager.InvokeDataCollectionServiceAction: Completed.
TpTrace Warning: 0 : 10772, 8, 2022/09/27, 21:42:46.725, 18806174283, vstest.console.dll, DataCollectionLauncher.ErrorReceivedCallback datacollector standard error line: 
TpTrace Information: 0 : 10772, 8, 2022/09/27, 21:42:46.733, 18806250460, vstest.console.dll, DataCollectionLauncher.ExitCallBack: Data collector exited with exitcode: 0 error: ''
TpTrace Verbose: 0 : 10772, 12, 2022/09/27, 21:42:46.757, 18806487933, vstest.console.dll, TestRunRequest:SendTestRunStatsChange: Starting.
TpTrace Verbose: 0 : 10772, 12, 2022/09/27, 21:42:46.757, 18806488978, vstest.console.dll, MulticastDelegateUtilities.SafeInvoke: TestRun.RunStatsChanged: Invoking callbacks was skipped because there are no subscribers.
TpTrace Information: 0 : 10772, 12, 2022/09/27, 21:42:46.757, 18806489283, vstest.console.dll, TestRunRequest:SendTestRunStatsChange: Completed.
TpTrace Verbose: 0 : 10772, 4, 2022/09/27, 21:42:46.757, 18806489460, vstest.console.dll, MulticastDelegateUtilities.SafeInvoke: InternalTestLoggerEvents.SendTestResult: Invoking callback 1/1 for Microsoft.VisualStudio.TestPlatform.CommandLine.Internal.ConsoleLogger.TestResultHandler, took 0 ms.
TpTrace Verbose: 0 : 10772, 4, 2022/09/27, 21:42:46.757, 18806490166, vstest.console.dll, MulticastDelegateUtilities.SafeInvoke: InternalTestLoggerEvents.SendTestResult: Invoking callback 1/1 for Microsoft.VisualStudio.TestPlatform.CommandLine.Internal.ConsoleLogger.TestResultHandler, took 0 ms.
TpTrace Verbose: 0 : 10772, 4, 2022/09/27, 21:42:46.757, 18806490659, vstest.console.dll, MulticastDelegateUtilities.SafeInvoke: InternalTestLoggerEvents.SendTestResult: Invoking callback 1/1 for Microsoft.VisualStudio.TestPlatform.CommandLine.Internal.ConsoleLogger.TestResultHandler, took 0 ms.
TpTrace Verbose: 0 : 10772, 12, 2022/09/27, 21:42:46.757, 18806492225, vstest.console.dll, ParallelProxyExecutionManager: HandlePartialRunComplete: Total completed clients = 1, Run complete = True, Run canceled: False.
TpTrace Verbose: 0 : 10772, 4, 2022/09/27, 21:42:46.768, 18806596816, vstest.console.dll, MulticastDelegateUtilities.SafeInvoke: InternalTestLoggerEvents.SendTestRunComplete: Invoking callback 1/2 for Microsoft.TestPlatform.Extensions.BlameDataCollector.BlameLogger.TestRunCompleteHandler, took 0 ms.
TpTrace Verbose: 0 : 10772, 4, 2022/09/27, 21:42:46.774, 18806661288, vstest.console.dll, MulticastDelegateUtilities.SafeInvoke: InternalTestLoggerEvents.SendTestRunComplete: Invoking callback 2/2 for Microsoft.VisualStudio.TestPlatform.CommandLine.Internal.ConsoleLogger.TestRunCompleteHandler, took 6 ms.
TpTrace Verbose: 0 : 10772, 12, 2022/09/27, 21:42:46.775, 18806665115, vstest.console.dll, TestRunRequest:TestRunComplete: Starting. IsAborted:False IsCanceled:False.
TpTrace Verbose: 0 : 10772, 12, 2022/09/27, 21:42:46.776, 18806683922, vstest.console.dll, TestLoggerManager.HandleTestRunComplete: Ignoring as the object is disposed.
TpTrace Verbose: 0 : 10772, 12, 2022/09/27, 21:42:46.777, 18806687062, vstest.console.dll, MulticastDelegateUtilities.SafeInvoke: TestRun.TestRunComplete: Invoking callback 1/2 for Microsoft.VisualStudio.TestPlatform.CommandLine.TestRunResultAggregator.TestRunCompletionHandler, took 0 ms.
TpTrace Verbose: 0 : 10772, 12, 2022/09/27, 21:42:46.777, 18806688207, vstest.console.dll, MulticastDelegateUtilities.SafeInvoke: TestRun.TestRunComplete: Invoking callback 2/2 for Microsoft.VisualStudio.TestPlatform.CommandLine.Processors.RunTestsArgumentExecutor+TestRunRequestEventsRegistrar.TestRunRequest_OnRunCompletion, took 0 ms.
TpTrace Information: 0 : 10772, 12, 2022/09/27, 21:42:46.777, 18806689605, vstest.console.dll, TestRunRequest:TestRunComplete: Completed.
TpTrace Verbose: 0 : 10772, 12, 2022/09/27, 21:42:46.777, 18806690173, vstest.console.dll, TestRequestSender.SetOperationComplete: Setting operation complete.
TpTrace Verbose: 0 : 10772, 1, 2022/09/27, 21:42:46.777, 18806690166, vstest.console.dll, TestRunRequest.Dispose: Starting.
TpTrace Information: 0 : 10772, 12, 2022/09/27, 21:42:46.777, 18806690649, vstest.console.dll, SocketServer.Stop: Stop server endPoint: 127.0.0.1:50115
TpTrace Information: 0 : 10772, 1, 2022/09/27, 21:42:46.777, 18806691767, vstest.console.dll, TestRunRequest.Dispose: Completed.
TpTrace Information: 0 : 10772, 12, 2022/09/27, 21:42:46.777, 18806692542, vstest.console.dll, SocketServer.Stop: Cancellation requested. Stopping message loop.
TpTrace Information: 0 : 10772, 1, 2022/09/27, 21:42:46.777, 18806692641, vstest.console.dll, TestRequestManager.RunTests: run tests completed.
TpTrace Verbose: 0 : 10772, 12, 2022/09/27, 21:42:46.777, 18806693161, vstest.console.dll, MulticastDelegateUtilities.SafeInvoke: LengthPrefixCommunicationChannel: MessageReceived: Invoking callback 1/1 for Microsoft.VisualStudio.TestPlatform.CommunicationUtilities.TestRequestSender+<>c__DisplayClass31_0.<StartTestRun>b__1, took 108 ms.
TpTrace Information: 0 : 10772, 12, 2022/09/27, 21:42:46.777, 18806694484, vstest.console.dll, SocketServer.PrivateStop: Stopping server endPoint: 127.0.0.1:50115 error: 
TpTrace Information: 0 : 10772, 1, 2022/09/27, 21:42:46.777, 18806694483, vstest.console.dll, RunTestsArgumentProcessor:Execute: Test run is completed.
TpTrace Verbose: 0 : 10772, 1, 2022/09/27, 21:42:46.778, 18806697941, vstest.console.dll, Executor.Execute: Exiting with exit code of 0
TpTrace Verbose: 0 : 10772, 12, 2022/09/27, 21:42:46.778, 18806699735, vstest.console.dll, LengthPrefixCommunicationChannel.Dispose: Dispose reader and writer.
TpTrace Information: 0 : 10772, 12, 2022/09/27, 21:42:46.778, 18806700979, vstest.console.dll, SocketServer.Stop: Raise disconnected event endPoint: 127.0.0.1:50115 error: 
TpTrace Verbose: 0 : 10772, 12, 2022/09/27, 21:42:46.778, 18806702075, vstest.console.dll, TestRequestSender: OnTestRunAbort: Operation is already complete. Skip error message.
TpTrace Verbose: 0 : 10772, 12, 2022/09/27, 21:42:46.778, 18806702666, vstest.console.dll, MulticastDelegateUtilities.SafeInvoke: SocketServer: ClientDisconnected: Invoking callback 1/1 for Microsoft.VisualStudio.TestPlatform.CommunicationUtilities.TestRequestSender.<InitializeCommunication>b__24_1, took 0 ms.
TpTrace Verbose: 0 : 10772, 12, 2022/09/27, 21:42:46.778, 18806703119, vstest.console.dll, TcpClientExtensions.MessageLoopAsync: exiting MessageLoopAsync remoteEndPoint: 127.0.0.1:50116 localEndPoint: 127.0.0.1:50115
